Build started 5/25/2018 5:05:52 PM.
     1>Project "C:\Users\Manoj\Desktop\CG Fish Catcher\Visual Studio files\Fish Catcher\Fish Catcher\Fish Catcher.vcxproj" on node 2 (build target(s)).
     1>InitializeBuildStatus:
         Touching "Debug\Fish Catcher.unsuccessfulbuild".
       ClCompile:
         C:\Program Files (x86)\Microsoft Visual Studio 10.0\VC\bin\CL.exe /c /I"C:\Users\manoj\Glut library\freeglut\include" /I"C:\Users\manoj\Glut library\glew-1.11.0\include" /ZI /nologo /W3 /WX- /Od /Oy- /D _MBCS /Gm /EHsc /RTC1 /MDd /GS /fp:precise /Zc:wchar_t /Zc:forScope /Fo"Debug\\" /Fd"Debug\vc100.pdb" /Gd /TP /analyze- /errorReport:prompt main.cpp
         main.cpp
     1>c:\users\manoj\desktop\cg fish catcher\visual studio files\fish catcher\fish catcher\main.cpp(11): warning C4305: 'initializing' : truncation from 'double' to 'float'
     1>c:\users\manoj\desktop\cg fish catcher\visual studio files\fish catcher\fish catcher\main.cpp(13): warning C4244: 'initializing' : conversion from 'double' to 'GLint', possible loss of data
     1>c:\users\manoj\desktop\cg fish catcher\visual studio files\fish catcher\fish catcher\main.cpp(32): warning C4244: 'argument' : conversion from 'int' to 'GLfloat', possible loss of data
     1>c:\users\manoj\desktop\cg fish catcher\visual studio files\fish catcher\fish catcher\main.cpp(32): warning C4244: 'argument' : conversion from 'int' to 'GLfloat', possible loss of data
     1>c:\users\manoj\desktop\cg fish catcher\visual studio files\fish catcher\fish catcher\main.cpp(47): warning C4244: 'argument' : conversion from 'int' to 'GLfloat', possible loss of data
     1>c:\users\manoj\desktop\cg fish catcher\visual studio files\fish catcher\fish catcher\main.cpp(47): warning C4244: 'argument' : conversion from 'int' to 'GLfloat', possible loss of data
     1>c:\users\manoj\desktop\cg fish catcher\visual studio files\fish catcher\fish catcher\main.cpp(66): warning C4244: '=' : conversion from 'double' to 'float', possible loss of data
     1>c:\users\manoj\desktop\cg fish catcher\visual studio files\fish catcher\fish catcher\main.cpp(67): warning C4244: '=' : conversion from 'double' to 'float', possible loss of data
     1>c:\users\manoj\desktop\cg fish catcher\visual studio files\fish catcher\fish catcher\main.cpp(68): warning C4244: '=' : conversion from 'double' to 'float', possible loss of data
     1>c:\users\manoj\desktop\cg fish catcher\visual studio files\fish catcher\fish catcher\main.cpp(76): warning C4305: 'argument' : truncation from 'double' to 'GLfloat'
     1>c:\users\manoj\desktop\cg fish catcher\visual studio files\fish catcher\fish catcher\main.cpp(76): warning C4244: 'argument' : conversion from 'double' to 'GLfloat', possible loss of data
     1>c:\users\manoj\desktop\cg fish catcher\visual studio files\fish catcher\fish catcher\main.cpp(77): warning C4305: 'argument' : truncation from 'double' to 'GLfloat'
     1>c:\users\manoj\desktop\cg fish catcher\visual studio files\fish catcher\fish catcher\main.cpp(77): warning C4244: 'argument' : conversion from 'double' to 'GLfloat', possible loss of data
     1>c:\users\manoj\desktop\cg fish catcher\visual studio files\fish catcher\fish catcher\main.cpp(78): warning C4305: 'argument' : truncation from 'double' to 'GLfloat'
     1>c:\users\manoj\desktop\cg fish catcher\visual studio files\fish catcher\fish catcher\main.cpp(78): warning C4244: 'argument' : conversion from 'double' to 'GLfloat', possible loss of data
     1>c:\users\manoj\desktop\cg fish catcher\visual studio files\fish catcher\fish catcher\main.cpp(79): warning C4244: 'argument' : conversion from 'double' to 'GLfloat', possible loss of data
     1>c:\users\manoj\desktop\cg fish catcher\visual studio files\fish catcher\fish catcher\main.cpp(84): warning C4305: 'argument' : truncation from 'double' to 'GLfloat'
     1>c:\users\manoj\desktop\cg fish catcher\visual studio files\fish catcher\fish catcher\main.cpp(84): warning C4244: 'argument' : conversion from 'double' to 'GLfloat', possible loss of data
     1>c:\users\manoj\desktop\cg fish catcher\visual studio files\fish catcher\fish catcher\main.cpp(86): warning C4305: 'argument' : truncation from 'double' to 'GLfloat'
     1>c:\users\manoj\desktop\cg fish catcher\visual studio files\fish catcher\fish catcher\main.cpp(86): warning C4244: 'argument' : conversion from 'double' to 'GLfloat', possible loss of data
     1>c:\users\manoj\desktop\cg fish catcher\visual studio files\fish catcher\fish catcher\main.cpp(87): warning C4305: 'argument' : truncation from 'double' to 'GLfloat'
     1>c:\users\manoj\desktop\cg fish catcher\visual studio files\fish catcher\fish catcher\main.cpp(87): warning C4244: 'argument' : conversion from 'double' to 'GLfloat', possible loss of data
     1>c:\users\manoj\desktop\cg fish catcher\visual studio files\fish catcher\fish catcher\main.cpp(92): warning C4305: 'argument' : truncation from 'double' to 'GLfloat'
     1>c:\users\manoj\desktop\cg fish catcher\visual studio files\fish catcher\fish catcher\main.cpp(92): warning C4244: 'argument' : conversion from 'double' to 'GLfloat', possible loss of data
     1>c:\users\manoj\desktop\cg fish catcher\visual studio files\fish catcher\fish catcher\main.cpp(94): warning C4244: 'argument' : conversion from 'double' to 'GLfloat', possible loss of data
     1>c:\users\manoj\desktop\cg fish catcher\visual studio files\fish catcher\fish catcher\main.cpp(95): warning C4305: 'argument' : truncation from 'double' to 'GLfloat'
     1>c:\users\manoj\desktop\cg fish catcher\visual studio files\fish catcher\fish catcher\main.cpp(95): warning C4244: 'argument' : conversion from 'double' to 'GLfloat', possible loss of data
     1>c:\users\manoj\desktop\cg fish catcher\visual studio files\fish catcher\fish catcher\main.cpp(100): warning C4305: 'argument' : truncation from 'double' to 'GLfloat'
     1>c:\users\manoj\desktop\cg fish catcher\visual studio files\fish catcher\fish catcher\main.cpp(100): warning C4244: 'argument' : conversion from 'double' to 'GLfloat', possible loss of data
     1>c:\users\manoj\desktop\cg fish catcher\visual studio files\fish catcher\fish catcher\main.cpp(102): warning C4305: 'argument' : truncation from 'double' to 'GLfloat'
     1>c:\users\manoj\desktop\cg fish catcher\visual studio files\fish catcher\fish catcher\main.cpp(102): warning C4244: 'argument' : conversion from 'double' to 'GLfloat', possible loss of data
     1>c:\users\manoj\desktop\cg fish catcher\visual studio files\fish catcher\fish catcher\main.cpp(103): warning C4305: 'argument' : truncation from 'double' to 'GLfloat'
     1>c:\users\manoj\desktop\cg fish catcher\visual studio files\fish catcher\fish catcher\main.cpp(103): warning C4244: 'argument' : conversion from 'double' to 'GLfloat', possible loss of data
     1>c:\users\manoj\desktop\cg fish catcher\visual studio files\fish catcher\fish catcher\main.cpp(112): warning C4244: 'argument' : conversion from 'double' to 'GLfloat', possible loss of data
     1>c:\users\manoj\desktop\cg fish catcher\visual studio files\fish catcher\fish catcher\main.cpp(112): warning C4244: 'argument' : conversion from 'double' to 'GLfloat', possible loss of data
     1>c:\users\manoj\desktop\cg fish catcher\visual studio files\fish catcher\fish catcher\main.cpp(121): warning C4305: 'argument' : truncation from 'double' to 'GLfloat'
     1>c:\users\manoj\desktop\cg fish catcher\visual studio files\fish catcher\fish catcher\main.cpp(121): warning C4244: 'argument' : conversion from 'double' to 'GLfloat', possible loss of data
     1>c:\users\manoj\desktop\cg fish catcher\visual studio files\fish catcher\fish catcher\main.cpp(122): warning C4305: 'argument' : truncation from 'double' to 'GLfloat'
     1>c:\users\manoj\desktop\cg fish catcher\visual studio files\fish catcher\fish catcher\main.cpp(122): warning C4244: 'argument' : conversion from 'double' to 'GLfloat', possible loss of data
     1>c:\users\manoj\desktop\cg fish catcher\visual studio files\fish catcher\fish catcher\main.cpp(123): warning C4305: 'argument' : truncation from 'double' to 'GLfloat'
     1>c:\users\manoj\desktop\cg fish catcher\visual studio files\fish catcher\fish catcher\main.cpp(123): warning C4244: 'argument' : conversion from 'double' to 'GLfloat', possible loss of data
     1>c:\users\manoj\desktop\cg fish catcher\visual studio files\fish catcher\fish catcher\main.cpp(124): warning C4244: 'argument' : conversion from 'double' to 'GLfloat', possible loss of data
     1>c:\users\manoj\desktop\cg fish catcher\visual studio files\fish catcher\fish catcher\main.cpp(128): warning C4305: 'argument' : truncation from 'double' to 'GLfloat'
     1>c:\users\manoj\desktop\cg fish catcher\visual studio files\fish catcher\fish catcher\main.cpp(129): warning C4305: 'argument' : truncation from 'double' to 'GLfloat'
     1>c:\users\manoj\desktop\cg fish catcher\visual studio files\fish catcher\fish catcher\main.cpp(129): warning C4244: 'argument' : conversion from 'double' to 'GLfloat', possible loss of data
     1>c:\users\manoj\desktop\cg fish catcher\visual studio files\fish catcher\fish catcher\main.cpp(130): warning C4305: 'argument' : truncation from 'double' to 'GLfloat'
     1>c:\users\manoj\desktop\cg fish catcher\visual studio files\fish catcher\fish catcher\main.cpp(130): warning C4244: 'argument' : conversion from 'double' to 'GLfloat', possible loss of data
     1>c:\users\manoj\desktop\cg fish catcher\visual studio files\fish catcher\fish catcher\main.cpp(131): warning C4305: 'argument' : truncation from 'double' to 'GLfloat'
     1>c:\users\manoj\desktop\cg fish catcher\visual studio files\fish catcher\fish catcher\main.cpp(131): warning C4244: 'argument' : conversion from 'double' to 'GLfloat', possible loss of data
     1>c:\users\manoj\desktop\cg fish catcher\visual studio files\fish catcher\fish catcher\main.cpp(135): warning C4305: 'argument' : truncation from 'double' to 'GLfloat'
     1>c:\users\manoj\desktop\cg fish catcher\visual studio files\fish catcher\fish catcher\main.cpp(136): warning C4305: 'argument' : truncation from 'double' to 'GLfloat'
     1>c:\users\manoj\desktop\cg fish catcher\visual studio files\fish catcher\fish catcher\main.cpp(136): warning C4244: 'argument' : conversion from 'double' to 'GLfloat', possible loss of data
     1>c:\users\manoj\desktop\cg fish catcher\visual studio files\fish catcher\fish catcher\main.cpp(137): warning C4244: 'argument' : conversion from 'double' to 'GLfloat', possible loss of data
     1>c:\users\manoj\desktop\cg fish catcher\visual studio files\fish catcher\fish catcher\main.cpp(138): warning C4305: 'argument' : truncation from 'double' to 'GLfloat'
     1>c:\users\manoj\desktop\cg fish catcher\visual studio files\fish catcher\fish catcher\main.cpp(138): warning C4244: 'argument' : conversion from 'double' to 'GLfloat', possible loss of data
     1>c:\users\manoj\desktop\cg fish catcher\visual studio files\fish catcher\fish catcher\main.cpp(142): warning C4305: 'argument' : truncation from 'double' to 'GLfloat'
     1>c:\users\manoj\desktop\cg fish catcher\visual studio files\fish catcher\fish catcher\main.cpp(143): warning C4305: 'argument' : truncation from 'double' to 'GLfloat'
     1>c:\users\manoj\desktop\cg fish catcher\visual studio files\fish catcher\fish catcher\main.cpp(143): warning C4244: 'argument' : conversion from 'double' to 'GLfloat', possible loss of data
     1>c:\users\manoj\desktop\cg fish catcher\visual studio files\fish catcher\fish catcher\main.cpp(144): warning C4305: 'argument' : truncation from 'double' to 'GLfloat'
     1>c:\users\manoj\desktop\cg fish catcher\visual studio files\fish catcher\fish catcher\main.cpp(144): warning C4244: 'argument' : conversion from 'double' to 'GLfloat', possible loss of data
     1>c:\users\manoj\desktop\cg fish catcher\visual studio files\fish catcher\fish catcher\main.cpp(145): warning C4305: 'argument' : truncation from 'double' to 'GLfloat'
     1>c:\users\manoj\desktop\cg fish catcher\visual studio files\fish catcher\fish catcher\main.cpp(145): warning C4244: 'argument' : conversion from 'double' to 'GLfloat', possible loss of data
     1>c:\users\manoj\desktop\cg fish catcher\visual studio files\fish catcher\fish catcher\main.cpp(153): warning C4244: 'argument' : conversion from 'double' to 'GLfloat', possible loss of data
     1>c:\users\manoj\desktop\cg fish catcher\visual studio files\fish catcher\fish catcher\main.cpp(153): warning C4244: 'argument' : conversion from 'double' to 'GLfloat', possible loss of data
     1>c:\users\manoj\desktop\cg fish catcher\visual studio files\fish catcher\fish catcher\main.cpp(160): warning C4305: 'argument' : truncation from 'double' to 'GLfloat'
     1>c:\users\manoj\desktop\cg fish catcher\visual studio files\fish catcher\fish catcher\main.cpp(160): warning C4305: 'argument' : truncation from 'double' to 'GLfloat'
     1>c:\users\manoj\desktop\cg fish catcher\visual studio files\fish catcher\fish catcher\main.cpp(160): warning C4305: 'argument' : truncation from 'double' to 'GLfloat'
     1>c:\users\manoj\desktop\cg fish catcher\visual studio files\fish catcher\fish catcher\main.cpp(163): warning C4305: 'argument' : truncation from 'double' to 'GLfloat'
     1>c:\users\manoj\desktop\cg fish catcher\visual studio files\fish catcher\fish catcher\main.cpp(163): warning C4244: 'argument' : conversion from 'double' to 'GLfloat', possible loss of data
     1>c:\users\manoj\desktop\cg fish catcher\visual studio files\fish catcher\fish catcher\main.cpp(164): warning C4305: 'argument' : truncation from 'double' to 'GLfloat'
     1>c:\users\manoj\desktop\cg fish catcher\visual studio files\fish catcher\fish catcher\main.cpp(164): warning C4244: 'argument' : conversion from 'double' to 'GLfloat', possible loss of data
     1>c:\users\manoj\desktop\cg fish catcher\visual studio files\fish catcher\fish catcher\main.cpp(165): warning C4305: 'argument' : truncation from 'double' to 'GLfloat'
     1>c:\users\manoj\desktop\cg fish catcher\visual studio files\fish catcher\fish catcher\main.cpp(165): warning C4244: 'argument' : conversion from 'double' to 'GLfloat', possible loss of data
     1>c:\users\manoj\desktop\cg fish catcher\visual studio files\fish catcher\fish catcher\main.cpp(166): warning C4305: 'argument' : truncation from 'double' to 'GLfloat'
     1>c:\users\manoj\desktop\cg fish catcher\visual studio files\fish catcher\fish catcher\main.cpp(166): warning C4244: 'argument' : conversion from 'double' to 'GLfloat', possible loss of data
     1>c:\users\manoj\desktop\cg fish catcher\visual studio files\fish catcher\fish catcher\main.cpp(170): warning C4305: 'argument' : truncation from 'double' to 'GLfloat'
     1>c:\users\manoj\desktop\cg fish catcher\visual studio files\fish catcher\fish catcher\main.cpp(170): warning C4244: 'argument' : conversion from 'double' to 'GLfloat', possible loss of data
     1>c:\users\manoj\desktop\cg fish catcher\visual studio files\fish catcher\fish catcher\main.cpp(171): warning C4305: 'argument' : truncation from 'double' to 'GLfloat'
     1>c:\users\manoj\desktop\cg fish catcher\visual studio files\fish catcher\fish catcher\main.cpp(171): warning C4244: 'argument' : conversion from 'double' to 'GLfloat', possible loss of data
     1>c:\users\manoj\desktop\cg fish catcher\visual studio files\fish catcher\fish catcher\main.cpp(172): warning C4305: 'argument' : truncation from 'double' to 'GLfloat'
     1>c:\users\manoj\desktop\cg fish catcher\visual studio files\fish catcher\fish catcher\main.cpp(172): warning C4244: 'argument' : conversion from 'double' to 'GLfloat', possible loss of data
     1>c:\users\manoj\desktop\cg fish catcher\visual studio files\fish catcher\fish catcher\main.cpp(176): warning C4305: 'argument' : truncation from 'double' to 'GLfloat'
     1>c:\users\manoj\desktop\cg fish catcher\visual studio files\fish catcher\fish catcher\main.cpp(176): warning C4244: 'argument' : conversion from 'double' to 'GLfloat', possible loss of data
     1>c:\users\manoj\desktop\cg fish catcher\visual studio files\fish catcher\fish catcher\main.cpp(177): warning C4244: 'argument' : conversion from 'double' to 'GLfloat', possible loss of data
     1>c:\users\manoj\desktop\cg fish catcher\visual studio files\fish catcher\fish catcher\main.cpp(178): warning C4305: 'argument' : truncation from 'double' to 'GLfloat'
     1>c:\users\manoj\desktop\cg fish catcher\visual studio files\fish catcher\fish catcher\main.cpp(178): warning C4244: 'argument' : conversion from 'double' to 'GLfloat', possible loss of data
     1>c:\users\manoj\desktop\cg fish catcher\visual studio files\fish catcher\fish catcher\main.cpp(182): warning C4305: 'argument' : truncation from 'double' to 'GLfloat'
     1>c:\users\manoj\desktop\cg fish catcher\visual studio files\fish catcher\fish catcher\main.cpp(182): warning C4244: 'argument' : conversion from 'double' to 'GLfloat', possible loss of data
     1>c:\users\manoj\desktop\cg fish catcher\visual studio files\fish catcher\fish catcher\main.cpp(183): warning C4305: 'argument' : truncation from 'double' to 'GLfloat'
     1>c:\users\manoj\desktop\cg fish catcher\visual studio files\fish catcher\fish catcher\main.cpp(183): warning C4244: 'argument' : conversion from 'double' to 'GLfloat', possible loss of data
     1>c:\users\manoj\desktop\cg fish catcher\visual studio files\fish catcher\fish catcher\main.cpp(184): warning C4305: 'argument' : truncation from 'double' to 'GLfloat'
     1>c:\users\manoj\desktop\cg fish catcher\visual studio files\fish catcher\fish catcher\main.cpp(184): warning C4244: 'argument' : conversion from 'double' to 'GLfloat', possible loss of data
     1>c:\users\manoj\desktop\cg fish catcher\visual studio files\fish catcher\fish catcher\main.cpp(194): warning C4244: 'argument' : conversion from 'double' to 'GLfloat', possible loss of data
     1>c:\users\manoj\desktop\cg fish catcher\visual studio files\fish catcher\fish catcher\main.cpp(194): warning C4244: 'argument' : conversion from 'double' to 'GLfloat', possible loss of data
     1>c:\users\manoj\desktop\cg fish catcher\visual studio files\fish catcher\fish catcher\main.cpp(203): warning C4305: 'argument' : truncation from 'double' to 'GLfloat'
     1>c:\users\manoj\desktop\cg fish catcher\visual studio files\fish catcher\fish catcher\main.cpp(203): warning C4244: 'argument' : conversion from 'double' to 'GLfloat', possible loss of data
     1>c:\users\manoj\desktop\cg fish catcher\visual studio files\fish catcher\fish catcher\main.cpp(204): warning C4305: 'argument' : truncation from 'double' to 'GLfloat'
     1>c:\users\manoj\desktop\cg fish catcher\visual studio files\fish catcher\fish catcher\main.cpp(204): warning C4244: 'argument' : conversion from 'double' to 'GLfloat', possible loss of data
     1>c:\users\manoj\desktop\cg fish catcher\visual studio files\fish catcher\fish catcher\main.cpp(205): warning C4305: 'argument' : truncation from 'double' to 'GLfloat'
     1>c:\users\manoj\desktop\cg fish catcher\visual studio files\fish catcher\fish catcher\main.cpp(205): warning C4244: 'argument' : conversion from 'double' to 'GLfloat', possible loss of data
     1>c:\users\manoj\desktop\cg fish catcher\visual studio files\fish catcher\fish catcher\main.cpp(206): warning C4305: 'argument' : truncation from 'double' to 'GLfloat'
     1>c:\users\manoj\desktop\cg fish catcher\visual studio files\fish catcher\fish catcher\main.cpp(206): warning C4244: 'argument' : conversion from 'double' to 'GLfloat', possible loss of data
     1>c:\users\manoj\desktop\cg fish catcher\visual studio files\fish catcher\fish catcher\main.cpp(210): warning C4305: 'argument' : truncation from 'double' to 'GLfloat'
     1>c:\users\manoj\desktop\cg fish catcher\visual studio files\fish catcher\fish catcher\main.cpp(210): warning C4244: 'argument' : conversion from 'double' to 'GLfloat', possible loss of data
     1>c:\users\manoj\desktop\cg fish catcher\visual studio files\fish catcher\fish catcher\main.cpp(211): warning C4305: 'argument' : truncation from 'double' to 'GLfloat'
     1>c:\users\manoj\desktop\cg fish catcher\visual studio files\fish catcher\fish catcher\main.cpp(211): warning C4244: 'argument' : conversion from 'double' to 'GLfloat', possible loss of data
     1>c:\users\manoj\desktop\cg fish catcher\visual studio files\fish catcher\fish catcher\main.cpp(212): warning C4305: 'argument' : truncation from 'double' to 'GLfloat'
     1>c:\users\manoj\desktop\cg fish catcher\visual studio files\fish catcher\fish catcher\main.cpp(212): warning C4244: 'argument' : conversion from 'double' to 'GLfloat', possible loss of data
     1>c:\users\manoj\desktop\cg fish catcher\visual studio files\fish catcher\fish catcher\main.cpp(216): warning C4305: 'argument' : truncation from 'double' to 'GLfloat'
     1>c:\users\manoj\desktop\cg fish catcher\visual studio files\fish catcher\fish catcher\main.cpp(216): warning C4244: 'argument' : conversion from 'double' to 'GLfloat', possible loss of data
     1>c:\users\manoj\desktop\cg fish catcher\visual studio files\fish catcher\fish catcher\main.cpp(217): warning C4305: 'argument' : truncation from 'double' to 'GLfloat'
     1>c:\users\manoj\desktop\cg fish catcher\visual studio files\fish catcher\fish catcher\main.cpp(217): warning C4244: 'argument' : conversion from 'double' to 'GLfloat', possible loss of data
     1>c:\users\manoj\desktop\cg fish catcher\visual studio files\fish catcher\fish catcher\main.cpp(218): warning C4305: 'argument' : truncation from 'double' to 'GLfloat'
     1>c:\users\manoj\desktop\cg fish catcher\visual studio files\fish catcher\fish catcher\main.cpp(218): warning C4244: 'argument' : conversion from 'double' to 'GLfloat', possible loss of data
     1>c:\users\manoj\desktop\cg fish catcher\visual studio files\fish catcher\fish catcher\main.cpp(222): warning C4305: 'argument' : truncation from 'double' to 'GLfloat'
     1>c:\users\manoj\desktop\cg fish catcher\visual studio files\fish catcher\fish catcher\main.cpp(222): warning C4244: 'argument' : conversion from 'double' to 'GLfloat', possible loss of data
     1>c:\users\manoj\desktop\cg fish catcher\visual studio files\fish catcher\fish catcher\main.cpp(223): warning C4244: 'argument' : conversion from 'double' to 'GLfloat', possible loss of data
     1>c:\users\manoj\desktop\cg fish catcher\visual studio files\fish catcher\fish catcher\main.cpp(224): warning C4305: 'argument' : truncation from 'double' to 'GLfloat'
     1>c:\users\manoj\desktop\cg fish catcher\visual studio files\fish catcher\fish catcher\main.cpp(224): warning C4244: 'argument' : conversion from 'double' to 'GLfloat', possible loss of data
     1>c:\users\manoj\desktop\cg fish catcher\visual studio files\fish catcher\fish catcher\main.cpp(234): warning C4244: 'argument' : conversion from 'double' to 'GLfloat', possible loss of data
     1>c:\users\manoj\desktop\cg fish catcher\visual studio files\fish catcher\fish catcher\main.cpp(234): warning C4244: 'argument' : conversion from 'double' to 'GLfloat', possible loss of data
     1>c:\users\manoj\desktop\cg fish catcher\visual studio files\fish catcher\fish catcher\main.cpp(243): warning C4244: 'argument' : conversion from 'double' to 'GLfloat', possible loss of data
     1>c:\users\manoj\desktop\cg fish catcher\visual studio files\fish catcher\fish catcher\main.cpp(244): warning C4305: 'argument' : truncation from 'double' to 'GLfloat'
     1>c:\users\manoj\desktop\cg fish catcher\visual studio files\fish catcher\fish catcher\main.cpp(244): warning C4244: 'argument' : conversion from 'double' to 'GLfloat', possible loss of data
     1>c:\users\manoj\desktop\cg fish catcher\visual studio files\fish catcher\fish catcher\main.cpp(245): warning C4305: 'argument' : truncation from 'double' to 'GLfloat'
     1>c:\users\manoj\desktop\cg fish catcher\visual studio files\fish catcher\fish catcher\main.cpp(245): warning C4244: 'argument' : conversion from 'double' to 'GLfloat', possible loss of data
     1>c:\users\manoj\desktop\cg fish catcher\visual studio files\fish catcher\fish catcher\main.cpp(246): warning C4244: 'argument' : conversion from 'double' to 'GLfloat', possible loss of data
     1>c:\users\manoj\desktop\cg fish catcher\visual studio files\fish catcher\fish catcher\main.cpp(247): warning C4305: 'argument' : truncation from 'double' to 'GLfloat'
     1>c:\users\manoj\desktop\cg fish catcher\visual studio files\fish catcher\fish catcher\main.cpp(247): warning C4244: 'argument' : conversion from 'double' to 'GLfloat', possible loss of data
     1>c:\users\manoj\desktop\cg fish catcher\visual studio files\fish catcher\fish catcher\main.cpp(248): warning C4305: 'argument' : truncation from 'double' to 'GLfloat'
     1>c:\users\manoj\desktop\cg fish catcher\visual studio files\fish catcher\fish catcher\main.cpp(248): warning C4244: 'argument' : conversion from 'double' to 'GLfloat', possible loss of data
     1>c:\users\manoj\desktop\cg fish catcher\visual studio files\fish catcher\fish catcher\main.cpp(252): warning C4244: 'argument' : conversion from 'double' to 'GLfloat', possible loss of data
     1>c:\users\manoj\desktop\cg fish catcher\visual studio files\fish catcher\fish catcher\main.cpp(253): warning C4305: 'argument' : truncation from 'double' to 'GLfloat'
     1>c:\users\manoj\desktop\cg fish catcher\visual studio files\fish catcher\fish catcher\main.cpp(253): warning C4244: 'argument' : conversion from 'double' to 'GLfloat', possible loss of data
     1>c:\users\manoj\desktop\cg fish catcher\visual studio files\fish catcher\fish catcher\main.cpp(254): warning C4305: 'argument' : truncation from 'double' to 'GLfloat'
     1>c:\users\manoj\desktop\cg fish catcher\visual studio files\fish catcher\fish catcher\main.cpp(254): warning C4244: 'argument' : conversion from 'double' to 'GLfloat', possible loss of data
     1>c:\users\manoj\desktop\cg fish catcher\visual studio files\fish catcher\fish catcher\main.cpp(258): warning C4305: 'argument' : truncation from 'double' to 'GLfloat'
     1>c:\users\manoj\desktop\cg fish catcher\visual studio files\fish catcher\fish catcher\main.cpp(258): warning C4244: 'argument' : conversion from 'double' to 'GLfloat', possible loss of data
     1>c:\users\manoj\desktop\cg fish catcher\visual studio files\fish catcher\fish catcher\main.cpp(259): warning C4244: 'argument' : conversion from 'double' to 'GLfloat', possible loss of data
     1>c:\users\manoj\desktop\cg fish catcher\visual studio files\fish catcher\fish catcher\main.cpp(260): warning C4305: 'argument' : truncation from 'double' to 'GLfloat'
     1>c:\users\manoj\desktop\cg fish catcher\visual studio files\fish catcher\fish catcher\main.cpp(260): warning C4244: 'argument' : conversion from 'double' to 'GLfloat', possible loss of data
     1>c:\users\manoj\desktop\cg fish catcher\visual studio files\fish catcher\fish catcher\main.cpp(264): warning C4305: 'argument' : truncation from 'double' to 'GLfloat'
     1>c:\users\manoj\desktop\cg fish catcher\visual studio files\fish catcher\fish catcher\main.cpp(264): warning C4244: 'argument' : conversion from 'double' to 'GLfloat', possible loss of data
     1>c:\users\manoj\desktop\cg fish catcher\visual studio files\fish catcher\fish catcher\main.cpp(265): warning C4305: 'argument' : truncation from 'double' to 'GLfloat'
     1>c:\users\manoj\desktop\cg fish catcher\visual studio files\fish catcher\fish catcher\main.cpp(265): warning C4244: 'argument' : conversion from 'double' to 'GLfloat', possible loss of data
     1>c:\users\manoj\desktop\cg fish catcher\visual studio files\fish catcher\fish catcher\main.cpp(266): warning C4305: 'argument' : truncation from 'double' to 'GLfloat'
     1>c:\users\manoj\desktop\cg fish catcher\visual studio files\fish catcher\fish catcher\main.cpp(266): warning C4244: 'argument' : conversion from 'double' to 'GLfloat', possible loss of data
     1>c:\users\manoj\desktop\cg fish catcher\visual studio files\fish catcher\fish catcher\main.cpp(274): warning C4244: 'argument' : conversion from 'double' to 'GLfloat', possible loss of data
     1>c:\users\manoj\desktop\cg fish catcher\visual studio files\fish catcher\fish catcher\main.cpp(274): warning C4244: 'argument' : conversion from 'double' to 'GLfloat', possible loss of data
     1>c:\users\manoj\desktop\cg fish catcher\visual studio files\fish catcher\fish catcher\main.cpp(284): warning C4305: 'argument' : truncation from 'double' to 'GLfloat'
     1>c:\users\manoj\desktop\cg fish catcher\visual studio files\fish catcher\fish catcher\main.cpp(284): warning C4305: 'argument' : truncation from 'double' to 'GLfloat'
     1>c:\users\manoj\desktop\cg fish catcher\visual studio files\fish catcher\fish catcher\main.cpp(285): warning C4305: 'argument' : truncation from 'double' to 'GLfloat'
     1>c:\users\manoj\desktop\cg fish catcher\visual studio files\fish catcher\fish catcher\main.cpp(285): warning C4305: 'argument' : truncation from 'double' to 'GLfloat'
     1>c:\users\manoj\desktop\cg fish catcher\visual studio files\fish catcher\fish catcher\main.cpp(286): warning C4305: 'argument' : truncation from 'double' to 'GLfloat'
     1>c:\users\manoj\desktop\cg fish catcher\visual studio files\fish catcher\fish catcher\main.cpp(286): warning C4305: 'argument' : truncation from 'double' to 'GLfloat'
     1>c:\users\manoj\desktop\cg fish catcher\visual studio files\fish catcher\fish catcher\main.cpp(287): warning C4305: 'argument' : truncation from 'double' to 'GLfloat'
     1>c:\users\manoj\desktop\cg fish catcher\visual studio files\fish catcher\fish catcher\main.cpp(287): warning C4305: 'argument' : truncation from 'double' to 'GLfloat'
     1>c:\users\manoj\desktop\cg fish catcher\visual studio files\fish catcher\fish catcher\main.cpp(288): warning C4305: 'argument' : truncation from 'double' to 'GLfloat'
     1>c:\users\manoj\desktop\cg fish catcher\visual studio files\fish catcher\fish catcher\main.cpp(288): warning C4305: 'argument' : truncation from 'double' to 'GLfloat'
     1>c:\users\manoj\desktop\cg fish catcher\visual studio files\fish catcher\fish catcher\main.cpp(289): warning C4305: 'argument' : truncation from 'double' to 'GLfloat'
     1>c:\users\manoj\desktop\cg fish catcher\visual studio files\fish catcher\fish catcher\main.cpp(289): warning C4305: 'argument' : truncation from 'double' to 'GLfloat'
     1>c:\users\manoj\desktop\cg fish catcher\visual studio files\fish catcher\fish catcher\main.cpp(290): warning C4305: 'argument' : truncation from 'double' to 'GLfloat'
     1>c:\users\manoj\desktop\cg fish catcher\visual studio files\fish catcher\fish catcher\main.cpp(291): warning C4305: 'argument' : truncation from 'double' to 'GLfloat'
     1>c:\users\manoj\desktop\cg fish catcher\visual studio files\fish catcher\fish catcher\main.cpp(291): warning C4305: 'argument' : truncation from 'double' to 'GLfloat'
     1>c:\users\manoj\desktop\cg fish catcher\visual studio files\fish catcher\fish catcher\main.cpp(292): warning C4305: 'argument' : truncation from 'double' to 'GLfloat'
     1>c:\users\manoj\desktop\cg fish catcher\visual studio files\fish catcher\fish catcher\main.cpp(292): warning C4305: 'argument' : truncation from 'double' to 'GLfloat'
     1>c:\users\manoj\desktop\cg fish catcher\visual studio files\fish catcher\fish catcher\main.cpp(293): warning C4305: 'argument' : truncation from 'double' to 'GLfloat'
     1>c:\users\manoj\desktop\cg fish catcher\visual studio files\fish catcher\fish catcher\main.cpp(293): warning C4305: 'argument' : truncation from 'double' to 'GLfloat'
     1>c:\users\manoj\desktop\cg fish catcher\visual studio files\fish catcher\fish catcher\main.cpp(294): warning C4305: 'argument' : truncation from 'double' to 'GLfloat'
     1>c:\users\manoj\desktop\cg fish catcher\visual studio files\fish catcher\fish catcher\main.cpp(294): warning C4305: 'argument' : truncation from 'double' to 'GLfloat'
     1>c:\users\manoj\desktop\cg fish catcher\visual studio files\fish catcher\fish catcher\main.cpp(295): warning C4305: 'argument' : truncation from 'double' to 'GLfloat'
     1>c:\users\manoj\desktop\cg fish catcher\visual studio files\fish catcher\fish catcher\main.cpp(295): warning C4305: 'argument' : truncation from 'double' to 'GLfloat'
     1>c:\users\manoj\desktop\cg fish catcher\visual studio files\fish catcher\fish catcher\main.cpp(296): warning C4305: 'argument' : truncation from 'double' to 'GLfloat'
     1>c:\users\manoj\desktop\cg fish catcher\visual studio files\fish catcher\fish catcher\main.cpp(296): warning C4305: 'argument' : truncation from 'double' to 'GLfloat'
     1>c:\users\manoj\desktop\cg fish catcher\visual studio files\fish catcher\fish catcher\main.cpp(297): warning C4305: 'argument' : truncation from 'double' to 'GLfloat'
     1>c:\users\manoj\desktop\cg fish catcher\visual studio files\fish catcher\fish catcher\main.cpp(297): warning C4305: 'argument' : truncation from 'double' to 'GLfloat'
     1>c:\users\manoj\desktop\cg fish catcher\visual studio files\fish catcher\fish catcher\main.cpp(298): warning C4305: 'argument' : truncation from 'double' to 'GLfloat'
     1>c:\users\manoj\desktop\cg fish catcher\visual studio files\fish catcher\fish catcher\main.cpp(298): warning C4305: 'argument' : truncation from 'double' to 'GLfloat'
     1>c:\users\manoj\desktop\cg fish catcher\visual studio files\fish catcher\fish catcher\main.cpp(299): warning C4305: 'argument' : truncation from 'double' to 'GLfloat'
     1>c:\users\manoj\desktop\cg fish catcher\visual studio files\fish catcher\fish catcher\main.cpp(299): warning C4305: 'argument' : truncation from 'double' to 'GLfloat'
     1>c:\users\manoj\desktop\cg fish catcher\visual studio files\fish catcher\fish catcher\main.cpp(300): warning C4305: 'argument' : truncation from 'double' to 'GLfloat'
     1>c:\users\manoj\desktop\cg fish catcher\visual studio files\fish catcher\fish catcher\main.cpp(301): warning C4305: 'argument' : truncation from 'double' to 'GLfloat'
     1>c:\users\manoj\desktop\cg fish catcher\visual studio files\fish catcher\fish catcher\main.cpp(301): warning C4305: 'argument' : truncation from 'double' to 'GLfloat'
     1>c:\users\manoj\desktop\cg fish catcher\visual studio files\fish catcher\fish catcher\main.cpp(307): warning C4305: 'argument' : truncation from 'double' to 'GLfloat'
     1>c:\users\manoj\desktop\cg fish catcher\visual studio files\fish catcher\fish catcher\main.cpp(308): warning C4305: 'argument' : truncation from 'double' to 'GLfloat'
     1>c:\users\manoj\desktop\cg fish catcher\visual studio files\fish catcher\fish catcher\main.cpp(308): warning C4305: 'argument' : truncation from 'double' to 'GLfloat'
     1>c:\users\manoj\desktop\cg fish catcher\visual studio files\fish catcher\fish catcher\main.cpp(309): warning C4305: 'argument' : truncation from 'double' to 'GLfloat'
     1>c:\users\manoj\desktop\cg fish catcher\visual studio files\fish catcher\fish catcher\main.cpp(310): warning C4305: 'argument' : truncation from 'double' to 'GLfloat'
     1>c:\users\manoj\desktop\cg fish catcher\visual studio files\fish catcher\fish catcher\main.cpp(311): warning C4305: 'argument' : truncation from 'double' to 'GLfloat'
     1>c:\users\manoj\desktop\cg fish catcher\visual studio files\fish catcher\fish catcher\main.cpp(311): warning C4305: 'argument' : truncation from 'double' to 'GLfloat'
     1>c:\users\manoj\desktop\cg fish catcher\visual studio files\fish catcher\fish catcher\main.cpp(312): warning C4305: 'argument' : truncation from 'double' to 'GLfloat'
     1>c:\users\manoj\desktop\cg fish catcher\visual studio files\fish catcher\fish catcher\main.cpp(313): warning C4305: 'argument' : truncation from 'double' to 'GLfloat'
     1>c:\users\manoj\desktop\cg fish catcher\visual studio files\fish catcher\fish catcher\main.cpp(313): warning C4305: 'argument' : truncation from 'double' to 'GLfloat'
     1>c:\users\manoj\desktop\cg fish catcher\visual studio files\fish catcher\fish catcher\main.cpp(314): warning C4305: 'argument' : truncation from 'double' to 'GLfloat'
     1>c:\users\manoj\desktop\cg fish catcher\visual studio files\fish catcher\fish catcher\main.cpp(315): warning C4305: 'argument' : truncation from 'double' to 'GLfloat'
     1>c:\users\manoj\desktop\cg fish catcher\visual studio files\fish catcher\fish catcher\main.cpp(315): warning C4305: 'argument' : truncation from 'double' to 'GLfloat'
     1>c:\users\manoj\desktop\cg fish catcher\visual studio files\fish catcher\fish catcher\main.cpp(316): warning C4305: 'argument' : truncation from 'double' to 'GLfloat'
     1>c:\users\manoj\desktop\cg fish catcher\visual studio files\fish catcher\fish catcher\main.cpp(317): warning C4305: 'argument' : truncation from 'double' to 'GLfloat'
     1>c:\users\manoj\desktop\cg fish catcher\visual studio files\fish catcher\fish catcher\main.cpp(317): warning C4305: 'argument' : truncation from 'double' to 'GLfloat'
     1>c:\users\manoj\desktop\cg fish catcher\visual studio files\fish catcher\fish catcher\main.cpp(318): warning C4305: 'argument' : truncation from 'double' to 'GLfloat'
     1>c:\users\manoj\desktop\cg fish catcher\visual studio files\fish catcher\fish catcher\main.cpp(319): warning C4305: 'argument' : truncation from 'double' to 'GLfloat'
     1>c:\users\manoj\desktop\cg fish catcher\visual studio files\fish catcher\fish catcher\main.cpp(319): warning C4305: 'argument' : truncation from 'double' to 'GLfloat'
     1>c:\users\manoj\desktop\cg fish catcher\visual studio files\fish catcher\fish catcher\main.cpp(320): warning C4305: 'argument' : truncation from 'double' to 'GLfloat'
     1>c:\users\manoj\desktop\cg fish catcher\visual studio files\fish catcher\fish catcher\main.cpp(321): warning C4305: 'argument' : truncation from 'double' to 'GLfloat'
     1>c:\users\manoj\desktop\cg fish catcher\visual studio files\fish catcher\fish catcher\main.cpp(321): warning C4305: 'argument' : truncation from 'double' to 'GLfloat'
     1>c:\users\manoj\desktop\cg fish catcher\visual studio files\fish catcher\fish catcher\main.cpp(322): warning C4305: 'argument' : truncation from 'double' to 'GLfloat'
     1>c:\users\manoj\desktop\cg fish catcher\visual studio files\fish catcher\fish catcher\main.cpp(323): warning C4305: 'argument' : truncation from 'double' to 'GLfloat'
     1>c:\users\manoj\desktop\cg fish catcher\visual studio files\fish catcher\fish catcher\main.cpp(323): warning C4305: 'argument' : truncation from 'double' to 'GLfloat'
     1>c:\users\manoj\desktop\cg fish catcher\visual studio files\fish catcher\fish catcher\main.cpp(324): warning C4305: 'argument' : truncation from 'double' to 'GLfloat'
     1>c:\users\manoj\desktop\cg fish catcher\visual studio files\fish catcher\fish catcher\main.cpp(331): warning C4305: 'argument' : truncation from 'double' to 'GLfloat'
     1>c:\users\manoj\desktop\cg fish catcher\visual studio files\fish catcher\fish catcher\main.cpp(331): warning C4305: 'argument' : truncation from 'double' to 'GLfloat'
     1>c:\users\manoj\desktop\cg fish catcher\visual studio files\fish catcher\fish catcher\main.cpp(332): warning C4305: 'argument' : truncation from 'double' to 'GLfloat'
     1>c:\users\manoj\desktop\cg fish catcher\visual studio files\fish catcher\fish catcher\main.cpp(332): warning C4305: 'argument' : truncation from 'double' to 'GLfloat'
     1>c:\users\manoj\desktop\cg fish catcher\visual studio files\fish catcher\fish catcher\main.cpp(333): warning C4305: 'argument' : truncation from 'double' to 'GLfloat'
     1>c:\users\manoj\desktop\cg fish catcher\visual studio files\fish catcher\fish catcher\main.cpp(333): warning C4305: 'argument' : truncation from 'double' to 'GLfloat'
     1>c:\users\manoj\desktop\cg fish catcher\visual studio files\fish catcher\fish catcher\main.cpp(334): warning C4305: 'argument' : truncation from 'double' to 'GLfloat'
     1>c:\users\manoj\desktop\cg fish catcher\visual studio files\fish catcher\fish catcher\main.cpp(334): warning C4305: 'argument' : truncation from 'double' to 'GLfloat'
     1>c:\users\manoj\desktop\cg fish catcher\visual studio files\fish catcher\fish catcher\main.cpp(335): warning C4305: 'argument' : truncation from 'double' to 'GLfloat'
     1>c:\users\manoj\desktop\cg fish catcher\visual studio files\fish catcher\fish catcher\main.cpp(335): warning C4305: 'argument' : truncation from 'double' to 'GLfloat'
     1>c:\users\manoj\desktop\cg fish catcher\visual studio files\fish catcher\fish catcher\main.cpp(336): warning C4305: 'argument' : truncation from 'double' to 'GLfloat'
     1>c:\users\manoj\desktop\cg fish catcher\visual studio files\fish catcher\fish catcher\main.cpp(336): warning C4305: 'argument' : truncation from 'double' to 'GLfloat'
     1>c:\users\manoj\desktop\cg fish catcher\visual studio files\fish catcher\fish catcher\main.cpp(337): warning C4305: 'argument' : truncation from 'double' to 'GLfloat'
     1>c:\users\manoj\desktop\cg fish catcher\visual studio files\fish catcher\fish catcher\main.cpp(338): warning C4305: 'argument' : truncation from 'double' to 'GLfloat'
     1>c:\users\manoj\desktop\cg fish catcher\visual studio files\fish catcher\fish catcher\main.cpp(338): warning C4305: 'argument' : truncation from 'double' to 'GLfloat'
     1>c:\users\manoj\desktop\cg fish catcher\visual studio files\fish catcher\fish catcher\main.cpp(339): warning C4305: 'argument' : truncation from 'double' to 'GLfloat'
     1>c:\users\manoj\desktop\cg fish catcher\visual studio files\fish catcher\fish catcher\main.cpp(339): warning C4305: 'argument' : truncation from 'double' to 'GLfloat'
     1>c:\users\manoj\desktop\cg fish catcher\visual studio files\fish catcher\fish catcher\main.cpp(340): warning C4305: 'argument' : truncation from 'double' to 'GLfloat'
     1>c:\users\manoj\desktop\cg fish catcher\visual studio files\fish catcher\fish catcher\main.cpp(340): warning C4305: 'argument' : truncation from 'double' to 'GLfloat'
     1>c:\users\manoj\desktop\cg fish catcher\visual studio files\fish catcher\fish catcher\main.cpp(341): warning C4305: 'argument' : truncation from 'double' to 'GLfloat'
     1>c:\users\manoj\desktop\cg fish catcher\visual studio files\fish catcher\fish catcher\main.cpp(341): warning C4305: 'argument' : truncation from 'double' to 'GLfloat'
     1>c:\users\manoj\desktop\cg fish catcher\visual studio files\fish catcher\fish catcher\main.cpp(342): warning C4305: 'argument' : truncation from 'double' to 'GLfloat'
     1>c:\users\manoj\desktop\cg fish catcher\visual studio files\fish catcher\fish catcher\main.cpp(342): warning C4305: 'argument' : truncation from 'double' to 'GLfloat'
     1>c:\users\manoj\desktop\cg fish catcher\visual studio files\fish catcher\fish catcher\main.cpp(343): warning C4305: 'argument' : truncation from 'double' to 'GLfloat'
     1>c:\users\manoj\desktop\cg fish catcher\visual studio files\fish catcher\fish catcher\main.cpp(343): warning C4305: 'argument' : truncation from 'double' to 'GLfloat'
     1>c:\users\manoj\desktop\cg fish catcher\visual studio files\fish catcher\fish catcher\main.cpp(344): warning C4305: 'argument' : truncation from 'double' to 'GLfloat'
     1>c:\users\manoj\desktop\cg fish catcher\visual studio files\fish catcher\fish catcher\main.cpp(344): warning C4305: 'argument' : truncation from 'double' to 'GLfloat'
     1>c:\users\manoj\desktop\cg fish catcher\visual studio files\fish catcher\fish catcher\main.cpp(345): warning C4305: 'argument' : truncation from 'double' to 'GLfloat'
     1>c:\users\manoj\desktop\cg fish catcher\visual studio files\fish catcher\fish catcher\main.cpp(345): warning C4305: 'argument' : truncation from 'double' to 'GLfloat'
     1>c:\users\manoj\desktop\cg fish catcher\visual studio files\fish catcher\fish catcher\main.cpp(346): warning C4305: 'argument' : truncation from 'double' to 'GLfloat'
     1>c:\users\manoj\desktop\cg fish catcher\visual studio files\fish catcher\fish catcher\main.cpp(346): warning C4305: 'argument' : truncation from 'double' to 'GLfloat'
     1>c:\users\manoj\desktop\cg fish catcher\visual studio files\fish catcher\fish catcher\main.cpp(347): warning C4305: 'argument' : truncation from 'double' to 'GLfloat'
     1>c:\users\manoj\desktop\cg fish catcher\visual studio files\fish catcher\fish catcher\main.cpp(348): warning C4305: 'argument' : truncation from 'double' to 'GLfloat'
     1>c:\users\manoj\desktop\cg fish catcher\visual studio files\fish catcher\fish catcher\main.cpp(348): warning C4305: 'argument' : truncation from 'double' to 'GLfloat'
     1>c:\users\manoj\desktop\cg fish catcher\visual studio files\fish catcher\fish catcher\main.cpp(355): warning C4305: 'argument' : truncation from 'double' to 'GLfloat'
     1>c:\users\manoj\desktop\cg fish catcher\visual studio files\fish catcher\fish catcher\main.cpp(355): warning C4305: 'argument' : truncation from 'double' to 'GLfloat'
     1>c:\users\manoj\desktop\cg fish catcher\visual studio files\fish catcher\fish catcher\main.cpp(356): warning C4305: 'argument' : truncation from 'double' to 'GLfloat'
     1>c:\users\manoj\desktop\cg fish catcher\visual studio files\fish catcher\fish catcher\main.cpp(356): warning C4305: 'argument' : truncation from 'double' to 'GLfloat'
     1>c:\users\manoj\desktop\cg fish catcher\visual studio files\fish catcher\fish catcher\main.cpp(357): warning C4305: 'argument' : truncation from 'double' to 'GLfloat'
     1>c:\users\manoj\desktop\cg fish catcher\visual studio files\fish catcher\fish catcher\main.cpp(357): warning C4305: 'argument' : truncation from 'double' to 'GLfloat'
     1>c:\users\manoj\desktop\cg fish catcher\visual studio files\fish catcher\fish catcher\main.cpp(358): warning C4305: 'argument' : truncation from 'double' to 'GLfloat'
     1>c:\users\manoj\desktop\cg fish catcher\visual studio files\fish catcher\fish catcher\main.cpp(358): warning C4305: 'argument' : truncation from 'double' to 'GLfloat'
     1>c:\users\manoj\desktop\cg fish catcher\visual studio files\fish catcher\fish catcher\main.cpp(359): warning C4305: 'argument' : truncation from 'double' to 'GLfloat'
     1>c:\users\manoj\desktop\cg fish catcher\visual studio files\fish catcher\fish catcher\main.cpp(359): warning C4305: 'argument' : truncation from 'double' to 'GLfloat'
     1>c:\users\manoj\desktop\cg fish catcher\visual studio files\fish catcher\fish catcher\main.cpp(360): warning C4305: 'argument' : truncation from 'double' to 'GLfloat'
     1>c:\users\manoj\desktop\cg fish catcher\visual studio files\fish catcher\fish catcher\main.cpp(360): warning C4305: 'argument' : truncation from 'double' to 'GLfloat'
     1>c:\users\manoj\desktop\cg fish catcher\visual studio files\fish catcher\fish catcher\main.cpp(361): warning C4305: 'argument' : truncation from 'double' to 'GLfloat'
     1>c:\users\manoj\desktop\cg fish catcher\visual studio files\fish catcher\fish catcher\main.cpp(362): warning C4305: 'argument' : truncation from 'double' to 'GLfloat'
     1>c:\users\manoj\desktop\cg fish catcher\visual studio files\fish catcher\fish catcher\main.cpp(362): warning C4305: 'argument' : truncation from 'double' to 'GLfloat'
     1>c:\users\manoj\desktop\cg fish catcher\visual studio files\fish catcher\fish catcher\main.cpp(363): warning C4305: 'argument' : truncation from 'double' to 'GLfloat'
     1>c:\users\manoj\desktop\cg fish catcher\visual studio files\fish catcher\fish catcher\main.cpp(363): warning C4305: 'argument' : truncation from 'double' to 'GLfloat'
     1>c:\users\manoj\desktop\cg fish catcher\visual studio files\fish catcher\fish catcher\main.cpp(364): warning C4305: 'argument' : truncation from 'double' to 'GLfloat'
     1>c:\users\manoj\desktop\cg fish catcher\visual studio files\fish catcher\fish catcher\main.cpp(364): warning C4305: 'argument' : truncation from 'double' to 'GLfloat'
     1>c:\users\manoj\desktop\cg fish catcher\visual studio files\fish catcher\fish catcher\main.cpp(365): warning C4305: 'argument' : truncation from 'double' to 'GLfloat'
     1>c:\users\manoj\desktop\cg fish catcher\visual studio files\fish catcher\fish catcher\main.cpp(365): warning C4305: 'argument' : truncation from 'double' to 'GLfloat'
     1>c:\users\manoj\desktop\cg fish catcher\visual studio files\fish catcher\fish catcher\main.cpp(366): warning C4305: 'argument' : truncation from 'double' to 'GLfloat'
     1>c:\users\manoj\desktop\cg fish catcher\visual studio files\fish catcher\fish catcher\main.cpp(366): warning C4305: 'argument' : truncation from 'double' to 'GLfloat'
     1>c:\users\manoj\desktop\cg fish catcher\visual studio files\fish catcher\fish catcher\main.cpp(367): warning C4305: 'argument' : truncation from 'double' to 'GLfloat'
     1>c:\users\manoj\desktop\cg fish catcher\visual studio files\fish catcher\fish catcher\main.cpp(367): warning C4305: 'argument' : truncation from 'double' to 'GLfloat'
     1>c:\users\manoj\desktop\cg fish catcher\visual studio files\fish catcher\fish catcher\main.cpp(368): warning C4305: 'argument' : truncation from 'double' to 'GLfloat'
     1>c:\users\manoj\desktop\cg fish catcher\visual studio files\fish catcher\fish catcher\main.cpp(368): warning C4305: 'argument' : truncation from 'double' to 'GLfloat'
     1>c:\users\manoj\desktop\cg fish catcher\visual studio files\fish catcher\fish catcher\main.cpp(369): warning C4305: 'argument' : truncation from 'double' to 'GLfloat'
     1>c:\users\manoj\desktop\cg fish catcher\visual studio files\fish catcher\fish catcher\main.cpp(369): warning C4305: 'argument' : truncation from 'double' to 'GLfloat'
     1>c:\users\manoj\desktop\cg fish catcher\visual studio files\fish catcher\fish catcher\main.cpp(370): warning C4305: 'argument' : truncation from 'double' to 'GLfloat'
     1>c:\users\manoj\desktop\cg fish catcher\visual studio files\fish catcher\fish catcher\main.cpp(370): warning C4305: 'argument' : truncation from 'double' to 'GLfloat'
     1>c:\users\manoj\desktop\cg fish catcher\visual studio files\fish catcher\fish catcher\main.cpp(371): warning C4305: 'argument' : truncation from 'double' to 'GLfloat'
     1>c:\users\manoj\desktop\cg fish catcher\visual studio files\fish catcher\fish catcher\main.cpp(372): warning C4305: 'argument' : truncation from 'double' to 'GLfloat'
     1>c:\users\manoj\desktop\cg fish catcher\visual studio files\fish catcher\fish catcher\main.cpp(372): warning C4305: 'argument' : truncation from 'double' to 'GLfloat'
     1>c:\users\manoj\desktop\cg fish catcher\visual studio files\fish catcher\fish catcher\main.cpp(377): warning C4305: 'argument' : truncation from 'double' to 'GLfloat'
     1>c:\users\manoj\desktop\cg fish catcher\visual studio files\fish catcher\fish catcher\main.cpp(377): warning C4305: 'argument' : truncation from 'double' to 'GLfloat'
     1>c:\users\manoj\desktop\cg fish catcher\visual studio files\fish catcher\fish catcher\main.cpp(378): warning C4305: 'argument' : truncation from 'double' to 'GLfloat'
     1>c:\users\manoj\desktop\cg fish catcher\visual studio files\fish catcher\fish catcher\main.cpp(378): warning C4305: 'argument' : truncation from 'double' to 'GLfloat'
     1>c:\users\manoj\desktop\cg fish catcher\visual studio files\fish catcher\fish catcher\main.cpp(379): warning C4305: 'argument' : truncation from 'double' to 'GLfloat'
     1>c:\users\manoj\desktop\cg fish catcher\visual studio files\fish catcher\fish catcher\main.cpp(379): warning C4305: 'argument' : truncation from 'double' to 'GLfloat'
     1>c:\users\manoj\desktop\cg fish catcher\visual studio files\fish catcher\fish catcher\main.cpp(380): warning C4305: 'argument' : truncation from 'double' to 'GLfloat'
     1>c:\users\manoj\desktop\cg fish catcher\visual studio files\fish catcher\fish catcher\main.cpp(380): warning C4305: 'argument' : truncation from 'double' to 'GLfloat'
     1>c:\users\manoj\desktop\cg fish catcher\visual studio files\fish catcher\fish catcher\main.cpp(381): warning C4305: 'argument' : truncation from 'double' to 'GLfloat'
     1>c:\users\manoj\desktop\cg fish catcher\visual studio files\fish catcher\fish catcher\main.cpp(382): warning C4305: 'argument' : truncation from 'double' to 'GLfloat'
     1>c:\users\manoj\desktop\cg fish catcher\visual studio files\fish catcher\fish catcher\main.cpp(382): warning C4305: 'argument' : truncation from 'double' to 'GLfloat'
     1>c:\users\manoj\desktop\cg fish catcher\visual studio files\fish catcher\fish catcher\main.cpp(383): warning C4305: 'argument' : truncation from 'double' to 'GLfloat'
     1>c:\users\manoj\desktop\cg fish catcher\visual studio files\fish catcher\fish catcher\main.cpp(383): warning C4305: 'argument' : truncation from 'double' to 'GLfloat'
     1>c:\users\manoj\desktop\cg fish catcher\visual studio files\fish catcher\fish catcher\main.cpp(384): warning C4305: 'argument' : truncation from 'double' to 'GLfloat'
     1>c:\users\manoj\desktop\cg fish catcher\visual studio files\fish catcher\fish catcher\main.cpp(384): warning C4305: 'argument' : truncation from 'double' to 'GLfloat'
     1>c:\users\manoj\desktop\cg fish catcher\visual studio files\fish catcher\fish catcher\main.cpp(385): warning C4305: 'argument' : truncation from 'double' to 'GLfloat'
     1>c:\users\manoj\desktop\cg fish catcher\visual studio files\fish catcher\fish catcher\main.cpp(385): warning C4305: 'argument' : truncation from 'double' to 'GLfloat'
     1>c:\users\manoj\desktop\cg fish catcher\visual studio files\fish catcher\fish catcher\main.cpp(386): warning C4305: 'argument' : truncation from 'double' to 'GLfloat'
     1>c:\users\manoj\desktop\cg fish catcher\visual studio files\fish catcher\fish catcher\main.cpp(386): warning C4305: 'argument' : truncation from 'double' to 'GLfloat'
     1>c:\users\manoj\desktop\cg fish catcher\visual studio files\fish catcher\fish catcher\main.cpp(387): warning C4305: 'argument' : truncation from 'double' to 'GLfloat'
     1>c:\users\manoj\desktop\cg fish catcher\visual studio files\fish catcher\fish catcher\main.cpp(387): warning C4305: 'argument' : truncation from 'double' to 'GLfloat'
     1>c:\users\manoj\desktop\cg fish catcher\visual studio files\fish catcher\fish catcher\main.cpp(388): warning C4305: 'argument' : truncation from 'double' to 'GLfloat'
     1>c:\users\manoj\desktop\cg fish catcher\visual studio files\fish catcher\fish catcher\main.cpp(388): warning C4305: 'argument' : truncation from 'double' to 'GLfloat'
     1>c:\users\manoj\desktop\cg fish catcher\visual studio files\fish catcher\fish catcher\main.cpp(389): warning C4305: 'argument' : truncation from 'double' to 'GLfloat'
     1>c:\users\manoj\desktop\cg fish catcher\visual studio files\fish catcher\fish catcher\main.cpp(389): warning C4305: 'argument' : truncation from 'double' to 'GLfloat'
     1>c:\users\manoj\desktop\cg fish catcher\visual studio files\fish catcher\fish catcher\main.cpp(390): warning C4305: 'argument' : truncation from 'double' to 'GLfloat'
     1>c:\users\manoj\desktop\cg fish catcher\visual studio files\fish catcher\fish catcher\main.cpp(390): warning C4305: 'argument' : truncation from 'double' to 'GLfloat'
     1>c:\users\manoj\desktop\cg fish catcher\visual studio files\fish catcher\fish catcher\main.cpp(391): warning C4305: 'argument' : truncation from 'double' to 'GLfloat'
     1>c:\users\manoj\desktop\cg fish catcher\visual studio files\fish catcher\fish catcher\main.cpp(392): warning C4305: 'argument' : truncation from 'double' to 'GLfloat'
     1>c:\users\manoj\desktop\cg fish catcher\visual studio files\fish catcher\fish catcher\main.cpp(392): warning C4305: 'argument' : truncation from 'double' to 'GLfloat'
     1>c:\users\manoj\desktop\cg fish catcher\visual studio files\fish catcher\fish catcher\main.cpp(393): warning C4305: 'argument' : truncation from 'double' to 'GLfloat'
     1>c:\users\manoj\desktop\cg fish catcher\visual studio files\fish catcher\fish catcher\main.cpp(393): warning C4305: 'argument' : truncation from 'double' to 'GLfloat'
     1>c:\users\manoj\desktop\cg fish catcher\visual studio files\fish catcher\fish catcher\main.cpp(394): warning C4305: 'argument' : truncation from 'double' to 'GLfloat'
     1>c:\users\manoj\desktop\cg fish catcher\visual studio files\fish catcher\fish catcher\main.cpp(394): warning C4305: 'argument' : truncation from 'double' to 'GLfloat'
     1>c:\users\manoj\desktop\cg fish catcher\visual studio files\fish catcher\fish catcher\main.cpp(401): warning C4305: 'argument' : truncation from 'double' to 'GLfloat'
     1>c:\users\manoj\desktop\cg fish catcher\visual studio files\fish catcher\fish catcher\main.cpp(401): warning C4305: 'argument' : truncation from 'double' to 'GLfloat'
     1>c:\users\manoj\desktop\cg fish catcher\visual studio files\fish catcher\fish catcher\main.cpp(402): warning C4305: 'argument' : truncation from 'double' to 'GLfloat'
     1>c:\users\manoj\desktop\cg fish catcher\visual studio files\fish catcher\fish catcher\main.cpp(402): warning C4305: 'argument' : truncation from 'double' to 'GLfloat'
     1>c:\users\manoj\desktop\cg fish catcher\visual studio files\fish catcher\fish catcher\main.cpp(403): warning C4305: 'argument' : truncation from 'double' to 'GLfloat'
     1>c:\users\manoj\desktop\cg fish catcher\visual studio files\fish catcher\fish catcher\main.cpp(403): warning C4305: 'argument' : truncation from 'double' to 'GLfloat'
     1>c:\users\manoj\desktop\cg fish catcher\visual studio files\fish catcher\fish catcher\main.cpp(404): warning C4305: 'argument' : truncation from 'double' to 'GLfloat'
     1>c:\users\manoj\desktop\cg fish catcher\visual studio files\fish catcher\fish catcher\main.cpp(404): warning C4305: 'argument' : truncation from 'double' to 'GLfloat'
     1>c:\users\manoj\desktop\cg fish catcher\visual studio files\fish catcher\fish catcher\main.cpp(405): warning C4305: 'argument' : truncation from 'double' to 'GLfloat'
     1>c:\users\manoj\desktop\cg fish catcher\visual studio files\fish catcher\fish catcher\main.cpp(405): warning C4305: 'argument' : truncation from 'double' to 'GLfloat'
     1>c:\users\manoj\desktop\cg fish catcher\visual studio files\fish catcher\fish catcher\main.cpp(406): warning C4305: 'argument' : truncation from 'double' to 'GLfloat'
     1>c:\users\manoj\desktop\cg fish catcher\visual studio files\fish catcher\fish catcher\main.cpp(406): warning C4305: 'argument' : truncation from 'double' to 'GLfloat'
     1>c:\users\manoj\desktop\cg fish catcher\visual studio files\fish catcher\fish catcher\main.cpp(407): warning C4305: 'argument' : truncation from 'double' to 'GLfloat'
     1>c:\users\manoj\desktop\cg fish catcher\visual studio files\fish catcher\fish catcher\main.cpp(408): warning C4305: 'argument' : truncation from 'double' to 'GLfloat'
     1>c:\users\manoj\desktop\cg fish catcher\visual studio files\fish catcher\fish catcher\main.cpp(408): warning C4305: 'argument' : truncation from 'double' to 'GLfloat'
     1>c:\users\manoj\desktop\cg fish catcher\visual studio files\fish catcher\fish catcher\main.cpp(409): warning C4305: 'argument' : truncation from 'double' to 'GLfloat'
     1>c:\users\manoj\desktop\cg fish catcher\visual studio files\fish catcher\fish catcher\main.cpp(409): warning C4305: 'argument' : truncation from 'double' to 'GLfloat'
     1>c:\users\manoj\desktop\cg fish catcher\visual studio files\fish catcher\fish catcher\main.cpp(410): warning C4305: 'argument' : truncation from 'double' to 'GLfloat'
     1>c:\users\manoj\desktop\cg fish catcher\visual studio files\fish catcher\fish catcher\main.cpp(410): warning C4305: 'argument' : truncation from 'double' to 'GLfloat'
     1>c:\users\manoj\desktop\cg fish catcher\visual studio files\fish catcher\fish catcher\main.cpp(411): warning C4305: 'argument' : truncation from 'double' to 'GLfloat'
     1>c:\users\manoj\desktop\cg fish catcher\visual studio files\fish catcher\fish catcher\main.cpp(411): warning C4305: 'argument' : truncation from 'double' to 'GLfloat'
     1>c:\users\manoj\desktop\cg fish catcher\visual studio files\fish catcher\fish catcher\main.cpp(412): warning C4305: 'argument' : truncation from 'double' to 'GLfloat'
     1>c:\users\manoj\desktop\cg fish catcher\visual studio files\fish catcher\fish catcher\main.cpp(412): warning C4305: 'argument' : truncation from 'double' to 'GLfloat'
     1>c:\users\manoj\desktop\cg fish catcher\visual studio files\fish catcher\fish catcher\main.cpp(413): warning C4305: 'argument' : truncation from 'double' to 'GLfloat'
     1>c:\users\manoj\desktop\cg fish catcher\visual studio files\fish catcher\fish catcher\main.cpp(413): warning C4305: 'argument' : truncation from 'double' to 'GLfloat'
     1>c:\users\manoj\desktop\cg fish catcher\visual studio files\fish catcher\fish catcher\main.cpp(414): warning C4305: 'argument' : truncation from 'double' to 'GLfloat'
     1>c:\users\manoj\desktop\cg fish catcher\visual studio files\fish catcher\fish catcher\main.cpp(414): warning C4305: 'argument' : truncation from 'double' to 'GLfloat'
     1>c:\users\manoj\desktop\cg fish catcher\visual studio files\fish catcher\fish catcher\main.cpp(415): warning C4305: 'argument' : truncation from 'double' to 'GLfloat'
     1>c:\users\manoj\desktop\cg fish catcher\visual studio files\fish catcher\fish catcher\main.cpp(415): warning C4305: 'argument' : truncation from 'double' to 'GLfloat'
     1>c:\users\manoj\desktop\cg fish catcher\visual studio files\fish catcher\fish catcher\main.cpp(416): warning C4305: 'argument' : truncation from 'double' to 'GLfloat'
     1>c:\users\manoj\desktop\cg fish catcher\visual studio files\fish catcher\fish catcher\main.cpp(416): warning C4305: 'argument' : truncation from 'double' to 'GLfloat'
     1>c:\users\manoj\desktop\cg fish catcher\visual studio files\fish catcher\fish catcher\main.cpp(417): warning C4305: 'argument' : truncation from 'double' to 'GLfloat'
     1>c:\users\manoj\desktop\cg fish catcher\visual studio files\fish catcher\fish catcher\main.cpp(418): warning C4305: 'argument' : truncation from 'double' to 'GLfloat'
     1>c:\users\manoj\desktop\cg fish catcher\visual studio files\fish catcher\fish catcher\main.cpp(418): warning C4305: 'argument' : truncation from 'double' to 'GLfloat'
     1>c:\users\manoj\desktop\cg fish catcher\visual studio files\fish catcher\fish catcher\main.cpp(427): warning C4305: 'argument' : truncation from 'double' to 'GLfloat'
     1>c:\users\manoj\desktop\cg fish catcher\visual studio files\fish catcher\fish catcher\main.cpp(427): warning C4305: 'argument' : truncation from 'double' to 'GLfloat'
     1>c:\users\manoj\desktop\cg fish catcher\visual studio files\fish catcher\fish catcher\main.cpp(429): warning C4244: 'argument' : conversion from 'double' to 'GLfloat', possible loss of data
     1>c:\users\manoj\desktop\cg fish catcher\visual studio files\fish catcher\fish catcher\main.cpp(429): warning C4244: 'argument' : conversion from 'double' to 'GLfloat', possible loss of data
     1>c:\users\manoj\desktop\cg fish catcher\visual studio files\fish catcher\fish catcher\main.cpp(430): warning C4244: 'argument' : conversion from 'double' to 'GLfloat', possible loss of data
     1>c:\users\manoj\desktop\cg fish catcher\visual studio files\fish catcher\fish catcher\main.cpp(430): warning C4244: 'argument' : conversion from 'double' to 'GLfloat', possible loss of data
     1>c:\users\manoj\desktop\cg fish catcher\visual studio files\fish catcher\fish catcher\main.cpp(431): warning C4244: 'argument' : conversion from 'double' to 'GLfloat', possible loss of data
     1>c:\users\manoj\desktop\cg fish catcher\visual studio files\fish catcher\fish catcher\main.cpp(431): warning C4244: 'argument' : conversion from 'double' to 'GLfloat', possible loss of data
     1>c:\users\manoj\desktop\cg fish catcher\visual studio files\fish catcher\fish catcher\main.cpp(432): warning C4244: 'argument' : conversion from 'double' to 'GLfloat', possible loss of data
     1>c:\users\manoj\desktop\cg fish catcher\visual studio files\fish catcher\fish catcher\main.cpp(432): warning C4244: 'argument' : conversion from 'double' to 'GLfloat', possible loss of data
     1>c:\users\manoj\desktop\cg fish catcher\visual studio files\fish catcher\fish catcher\main.cpp(438): warning C4244: 'argument' : conversion from 'double' to 'GLfloat', possible loss of data
     1>c:\users\manoj\desktop\cg fish catcher\visual studio files\fish catcher\fish catcher\main.cpp(438): warning C4244: 'argument' : conversion from 'double' to 'GLfloat', possible loss of data
     1>c:\users\manoj\desktop\cg fish catcher\visual studio files\fish catcher\fish catcher\main.cpp(439): warning C4244: 'argument' : conversion from 'double' to 'GLfloat', possible loss of data
     1>c:\users\manoj\desktop\cg fish catcher\visual studio files\fish catcher\fish catcher\main.cpp(439): warning C4244: 'argument' : conversion from 'double' to 'GLfloat', possible loss of data
     1>c:\users\manoj\desktop\cg fish catcher\visual studio files\fish catcher\fish catcher\main.cpp(440): warning C4244: 'argument' : conversion from 'double' to 'GLfloat', possible loss of data
     1>c:\users\manoj\desktop\cg fish catcher\visual studio files\fish catcher\fish catcher\main.cpp(440): warning C4244: 'argument' : conversion from 'double' to 'GLfloat', possible loss of data
     1>c:\users\manoj\desktop\cg fish catcher\visual studio files\fish catcher\fish catcher\main.cpp(441): warning C4244: 'argument' : conversion from 'double' to 'GLfloat', possible loss of data
     1>c:\users\manoj\desktop\cg fish catcher\visual studio files\fish catcher\fish catcher\main.cpp(441): warning C4244: 'argument' : conversion from 'double' to 'GLfloat', possible loss of data
     1>c:\users\manoj\desktop\cg fish catcher\visual studio files\fish catcher\fish catcher\main.cpp(445): warning C4305: 'argument' : truncation from 'double' to 'GLfloat'
     1>c:\users\manoj\desktop\cg fish catcher\visual studio files\fish catcher\fish catcher\main.cpp(445): warning C4305: 'argument' : truncation from 'double' to 'GLfloat'
     1>c:\users\manoj\desktop\cg fish catcher\visual studio files\fish catcher\fish catcher\main.cpp(445): warning C4305: 'argument' : truncation from 'double' to 'GLfloat'
     1>c:\users\manoj\desktop\cg fish catcher\visual studio files\fish catcher\fish catcher\main.cpp(447): warning C4244: 'argument' : conversion from 'double' to 'GLfloat', possible loss of data
     1>c:\users\manoj\desktop\cg fish catcher\visual studio files\fish catcher\fish catcher\main.cpp(447): warning C4244: 'argument' : conversion from 'double' to 'GLfloat', possible loss of data
     1>c:\users\manoj\desktop\cg fish catcher\visual studio files\fish catcher\fish catcher\main.cpp(448): warning C4244: 'argument' : conversion from 'double' to 'GLfloat', possible loss of data
     1>c:\users\manoj\desktop\cg fish catcher\visual studio files\fish catcher\fish catcher\main.cpp(448): warning C4244: 'argument' : conversion from 'double' to 'GLfloat', possible loss of data
     1>c:\users\manoj\desktop\cg fish catcher\visual studio files\fish catcher\fish catcher\main.cpp(452): warning C4305: 'argument' : truncation from 'double' to 'GLfloat'
     1>c:\users\manoj\desktop\cg fish catcher\visual studio files\fish catcher\fish catcher\main.cpp(452): warning C4305: 'argument' : truncation from 'double' to 'GLfloat'
     1>c:\users\manoj\desktop\cg fish catcher\visual studio files\fish catcher\fish catcher\main.cpp(452): warning C4305: 'argument' : truncation from 'double' to 'GLfloat'
     1>c:\users\manoj\desktop\cg fish catcher\visual studio files\fish catcher\fish catcher\main.cpp(454): warning C4244: 'argument' : conversion from 'double' to 'GLfloat', possible loss of data
     1>c:\users\manoj\desktop\cg fish catcher\visual studio files\fish catcher\fish catcher\main.cpp(454): warning C4244: 'argument' : conversion from 'double' to 'GLfloat', possible loss of data
     1>c:\users\manoj\desktop\cg fish catcher\visual studio files\fish catcher\fish catcher\main.cpp(455): warning C4244: 'argument' : conversion from 'double' to 'GLfloat', possible loss of data
     1>c:\users\manoj\desktop\cg fish catcher\visual studio files\fish catcher\fish catcher\main.cpp(455): warning C4244: 'argument' : conversion from 'double' to 'GLfloat', possible loss of data
     1>c:\users\manoj\desktop\cg fish catcher\visual studio files\fish catcher\fish catcher\main.cpp(459): warning C4305: 'argument' : truncation from 'double' to 'GLfloat'
     1>c:\users\manoj\desktop\cg fish catcher\visual studio files\fish catcher\fish catcher\main.cpp(459): warning C4305: 'argument' : truncation from 'double' to 'GLfloat'
     1>c:\users\manoj\desktop\cg fish catcher\visual studio files\fish catcher\fish catcher\main.cpp(459): warning C4305: 'argument' : truncation from 'double' to 'GLfloat'
     1>c:\users\manoj\desktop\cg fish catcher\visual studio files\fish catcher\fish catcher\main.cpp(461): warning C4244: 'argument' : conversion from 'double' to 'GLfloat', possible loss of data
     1>c:\users\manoj\desktop\cg fish catcher\visual studio files\fish catcher\fish catcher\main.cpp(461): warning C4244: 'argument' : conversion from 'double' to 'GLfloat', possible loss of data
     1>c:\users\manoj\desktop\cg fish catcher\visual studio files\fish catcher\fish catcher\main.cpp(462): warning C4244: 'argument' : conversion from 'double' to 'GLfloat', possible loss of data
     1>c:\users\manoj\desktop\cg fish catcher\visual studio files\fish catcher\fish catcher\main.cpp(462): warning C4244: 'argument' : conversion from 'double' to 'GLfloat', possible loss of data
     1>c:\users\manoj\desktop\cg fish catcher\visual studio files\fish catcher\fish catcher\main.cpp(466): warning C4305: 'argument' : truncation from 'double' to 'GLfloat'
     1>c:\users\manoj\desktop\cg fish catcher\visual studio files\fish catcher\fish catcher\main.cpp(466): warning C4305: 'argument' : truncation from 'double' to 'GLfloat'
     1>c:\users\manoj\desktop\cg fish catcher\visual studio files\fish catcher\fish catcher\main.cpp(466): warning C4305: 'argument' : truncation from 'double' to 'GLfloat'
     1>c:\users\manoj\desktop\cg fish catcher\visual studio files\fish catcher\fish catcher\main.cpp(468): warning C4244: 'argument' : conversion from 'double' to 'GLfloat', possible loss of data
     1>c:\users\manoj\desktop\cg fish catcher\visual studio files\fish catcher\fish catcher\main.cpp(468): warning C4244: 'argument' : conversion from 'double' to 'GLfloat', possible loss of data
     1>c:\users\manoj\desktop\cg fish catcher\visual studio files\fish catcher\fish catcher\main.cpp(469): warning C4244: 'argument' : conversion from 'double' to 'GLfloat', possible loss of data
     1>c:\users\manoj\desktop\cg fish catcher\visual studio files\fish catcher\fish catcher\main.cpp(469): warning C4244: 'argument' : conversion from 'double' to 'GLfloat', possible loss of data
     1>c:\users\manoj\desktop\cg fish catcher\visual studio files\fish catcher\fish catcher\main.cpp(475): warning C4305: 'argument' : truncation from 'double' to 'GLfloat'
     1>c:\users\manoj\desktop\cg fish catcher\visual studio files\fish catcher\fish catcher\main.cpp(475): warning C4305: 'argument' : truncation from 'double' to 'GLfloat'
     1>c:\users\manoj\desktop\cg fish catcher\visual studio files\fish catcher\fish catcher\main.cpp(475): warning C4305: 'argument' : truncation from 'double' to 'GLfloat'
     1>c:\users\manoj\desktop\cg fish catcher\visual studio files\fish catcher\fish catcher\main.cpp(477): warning C4244: 'argument' : conversion from 'double' to 'GLfloat', possible loss of data
     1>c:\users\manoj\desktop\cg fish catcher\visual studio files\fish catcher\fish catcher\main.cpp(477): warning C4244: 'argument' : conversion from 'double' to 'GLfloat', possible loss of data
     1>c:\users\manoj\desktop\cg fish catcher\visual studio files\fish catcher\fish catcher\main.cpp(478): warning C4244: 'argument' : conversion from 'double' to 'GLfloat', possible loss of data
     1>c:\users\manoj\desktop\cg fish catcher\visual studio files\fish catcher\fish catcher\main.cpp(478): warning C4244: 'argument' : conversion from 'double' to 'GLfloat', possible loss of data
     1>c:\users\manoj\desktop\cg fish catcher\visual studio files\fish catcher\fish catcher\main.cpp(485): warning C4305: 'argument' : truncation from 'double' to 'GLfloat'
     1>c:\users\manoj\desktop\cg fish catcher\visual studio files\fish catcher\fish catcher\main.cpp(485): warning C4305: 'argument' : truncation from 'double' to 'GLfloat'
     1>c:\users\manoj\desktop\cg fish catcher\visual studio files\fish catcher\fish catcher\main.cpp(488): warning C4305: 'argument' : truncation from 'double' to 'GLfloat'
     1>c:\users\manoj\desktop\cg fish catcher\visual studio files\fish catcher\fish catcher\main.cpp(488): warning C4305: 'argument' : truncation from 'double' to 'GLfloat'
     1>c:\users\manoj\desktop\cg fish catcher\visual studio files\fish catcher\fish catcher\main.cpp(489): warning C4305: 'argument' : truncation from 'double' to 'GLfloat'
     1>c:\users\manoj\desktop\cg fish catcher\visual studio files\fish catcher\fish catcher\main.cpp(489): warning C4305: 'argument' : truncation from 'double' to 'GLfloat'
     1>c:\users\manoj\desktop\cg fish catcher\visual studio files\fish catcher\fish catcher\main.cpp(490): warning C4305: 'argument' : truncation from 'double' to 'GLfloat'
     1>c:\users\manoj\desktop\cg fish catcher\visual studio files\fish catcher\fish catcher\main.cpp(494): warning C4305: 'argument' : truncation from 'double' to 'GLfloat'
     1>c:\users\manoj\desktop\cg fish catcher\visual studio files\fish catcher\fish catcher\main.cpp(494): warning C4305: 'argument' : truncation from 'double' to 'GLfloat'
     1>c:\users\manoj\desktop\cg fish catcher\visual studio files\fish catcher\fish catcher\main.cpp(494): warning C4305: 'argument' : truncation from 'double' to 'GLfloat'
     1>c:\users\manoj\desktop\cg fish catcher\visual studio files\fish catcher\fish catcher\main.cpp(497): warning C4305: 'argument' : truncation from 'double' to 'GLfloat'
     1>c:\users\manoj\desktop\cg fish catcher\visual studio files\fish catcher\fish catcher\main.cpp(497): warning C4305: 'argument' : truncation from 'double' to 'GLfloat'
     1>c:\users\manoj\desktop\cg fish catcher\visual studio files\fish catcher\fish catcher\main.cpp(501): warning C4305: 'argument' : truncation from 'double' to 'GLfloat'
     1>c:\users\manoj\desktop\cg fish catcher\visual studio files\fish catcher\fish catcher\main.cpp(501): warning C4305: 'argument' : truncation from 'double' to 'GLfloat'
     1>c:\users\manoj\desktop\cg fish catcher\visual studio files\fish catcher\fish catcher\main.cpp(501): warning C4305: 'argument' : truncation from 'double' to 'GLfloat'
     1>c:\users\manoj\desktop\cg fish catcher\visual studio files\fish catcher\fish catcher\main.cpp(503): warning C4305: 'argument' : truncation from 'double' to 'GLfloat'
     1>c:\users\manoj\desktop\cg fish catcher\visual studio files\fish catcher\fish catcher\main.cpp(504): warning C4305: 'argument' : truncation from 'double' to 'GLfloat'
     1>c:\users\manoj\desktop\cg fish catcher\visual studio files\fish catcher\fish catcher\main.cpp(504): warning C4305: 'argument' : truncation from 'double' to 'GLfloat'
     1>c:\users\manoj\desktop\cg fish catcher\visual studio files\fish catcher\fish catcher\main.cpp(508): warning C4305: 'argument' : truncation from 'double' to 'GLfloat'
     1>c:\users\manoj\desktop\cg fish catcher\visual studio files\fish catcher\fish catcher\main.cpp(508): warning C4305: 'argument' : truncation from 'double' to 'GLfloat'
     1>c:\users\manoj\desktop\cg fish catcher\visual studio files\fish catcher\fish catcher\main.cpp(508): warning C4305: 'argument' : truncation from 'double' to 'GLfloat'
     1>c:\users\manoj\desktop\cg fish catcher\visual studio files\fish catcher\fish catcher\main.cpp(510): warning C4305: 'argument' : truncation from 'double' to 'GLfloat'
     1>c:\users\manoj\desktop\cg fish catcher\visual studio files\fish catcher\fish catcher\main.cpp(510): warning C4305: 'argument' : truncation from 'double' to 'GLfloat'
     1>c:\users\manoj\desktop\cg fish catcher\visual studio files\fish catcher\fish catcher\main.cpp(511): warning C4305: 'argument' : truncation from 'double' to 'GLfloat'
     1>c:\users\manoj\desktop\cg fish catcher\visual studio files\fish catcher\fish catcher\main.cpp(511): warning C4305: 'argument' : truncation from 'double' to 'GLfloat'
     1>c:\users\manoj\desktop\cg fish catcher\visual studio files\fish catcher\fish catcher\main.cpp(531): warning C4305: '=' : truncation from 'double' to 'float'
     1>c:\users\manoj\desktop\cg fish catcher\visual studio files\fish catcher\fish catcher\main.cpp(547): warning C4305: '=' : truncation from 'double' to 'float'
     1>c:\users\manoj\desktop\cg fish catcher\visual studio files\fish catcher\fish catcher\main.cpp(563): warning C4305: '=' : truncation from 'double' to 'float'
     1>c:\users\manoj\desktop\cg fish catcher\visual studio files\fish catcher\fish catcher\main.cpp(579): warning C4305: '=' : truncation from 'double' to 'float'
     1>c:\users\manoj\desktop\cg fish catcher\visual studio files\fish catcher\fish catcher\main.cpp(601): warning C4305: 'argument' : truncation from 'double' to 'GLfloat'
     1>c:\users\manoj\desktop\cg fish catcher\visual studio files\fish catcher\fish catcher\main.cpp(601): warning C4305: 'argument' : truncation from 'double' to 'GLfloat'
     1>c:\users\manoj\desktop\cg fish catcher\visual studio files\fish catcher\fish catcher\main.cpp(601): warning C4305: 'argument' : truncation from 'double' to 'GLfloat'
     1>c:\users\manoj\desktop\cg fish catcher\visual studio files\fish catcher\fish catcher\main.cpp(617): warning C4244: '=' : conversion from 'double' to 'GLint', possible loss of data
     1>c:\users\manoj\desktop\cg fish catcher\visual studio files\fish catcher\fish catcher\main.cpp(645): warning C4305: 'argument' : truncation from 'double' to 'GLfloat'
     1>c:\users\manoj\desktop\cg fish catcher\visual studio files\fish catcher\fish catcher\main.cpp(649): warning C4305: 'argument' : truncation from 'double' to 'GLfloat'
     1>c:\users\manoj\desktop\cg fish catcher\visual studio files\fish catcher\fish catcher\main.cpp(649): warning C4305: 'argument' : truncation from 'double' to 'GLfloat'
     1>c:\users\manoj\desktop\cg fish catcher\visual studio files\fish catcher\fish catcher\main.cpp(650): warning C4305: 'argument' : truncation from 'double' to 'GLfloat'
     1>c:\users\manoj\desktop\cg fish catcher\visual studio files\fish catcher\fish catcher\main.cpp(651): warning C4305: 'argument' : truncation from 'double' to 'GLfloat'
     1>c:\users\manoj\desktop\cg fish catcher\visual studio files\fish catcher\fish catcher\main.cpp(651): warning C4305: 'argument' : truncation from 'double' to 'GLfloat'
     1>c:\users\manoj\desktop\cg fish catcher\visual studio files\fish catcher\fish catcher\main.cpp(652): warning C4305: 'argument' : truncation from 'double' to 'GLfloat'
     1>c:\users\manoj\desktop\cg fish catcher\visual studio files\fish catcher\fish catcher\main.cpp(653): warning C4305: 'argument' : truncation from 'double' to 'GLfloat'
     1>c:\users\manoj\desktop\cg fish catcher\visual studio files\fish catcher\fish catcher\main.cpp(653): warning C4305: 'argument' : truncation from 'double' to 'GLfloat'
     1>c:\users\manoj\desktop\cg fish catcher\visual studio files\fish catcher\fish catcher\main.cpp(654): warning C4305: 'argument' : truncation from 'double' to 'GLfloat'
     1>c:\users\manoj\desktop\cg fish catcher\visual studio files\fish catcher\fish catcher\main.cpp(654): warning C4305: 'argument' : truncation from 'double' to 'GLfloat'
     1>c:\users\manoj\desktop\cg fish catcher\visual studio files\fish catcher\fish catcher\main.cpp(655): warning C4305: 'argument' : truncation from 'double' to 'GLfloat'
     1>c:\users\manoj\desktop\cg fish catcher\visual studio files\fish catcher\fish catcher\main.cpp(655): warning C4305: 'argument' : truncation from 'double' to 'GLfloat'
     1>c:\users\manoj\desktop\cg fish catcher\visual studio files\fish catcher\fish catcher\main.cpp(656): warning C4305: 'argument' : truncation from 'double' to 'GLfloat'
     1>c:\users\manoj\desktop\cg fish catcher\visual studio files\fish catcher\fish catcher\main.cpp(656): warning C4305: 'argument' : truncation from 'double' to 'GLfloat'
     1>c:\users\manoj\desktop\cg fish catcher\visual studio files\fish catcher\fish catcher\main.cpp(657): warning C4305: 'argument' : truncation from 'double' to 'GLfloat'
     1>c:\users\manoj\desktop\cg fish catcher\visual studio files\fish catcher\fish catcher\main.cpp(657): warning C4305: 'argument' : truncation from 'double' to 'GLfloat'
     1>c:\users\manoj\desktop\cg fish catcher\visual studio files\fish catcher\fish catcher\main.cpp(658): warning C4305: 'argument' : truncation from 'double' to 'GLfloat'
     1>c:\users\manoj\desktop\cg fish catcher\visual studio files\fish catcher\fish catcher\main.cpp(658): warning C4305: 'argument' : truncation from 'double' to 'GLfloat'
     1>c:\users\manoj\desktop\cg fish catcher\visual studio files\fish catcher\fish catcher\main.cpp(659): warning C4305: 'argument' : truncation from 'double' to 'GLfloat'
     1>c:\users\manoj\desktop\cg fish catcher\visual studio files\fish catcher\fish catcher\main.cpp(659): warning C4305: 'argument' : truncation from 'double' to 'GLfloat'
     1>c:\users\manoj\desktop\cg fish catcher\visual studio files\fish catcher\fish catcher\main.cpp(660): warning C4305: 'argument' : truncation from 'double' to 'GLfloat'
     1>c:\users\manoj\desktop\cg fish catcher\visual studio files\fish catcher\fish catcher\main.cpp(660): warning C4305: 'argument' : truncation from 'double' to 'GLfloat'
     1>c:\users\manoj\desktop\cg fish catcher\visual studio files\fish catcher\fish catcher\main.cpp(661): warning C4305: 'argument' : truncation from 'double' to 'GLfloat'
     1>c:\users\manoj\desktop\cg fish catcher\visual studio files\fish catcher\fish catcher\main.cpp(661): warning C4305: 'argument' : truncation from 'double' to 'GLfloat'
     1>c:\users\manoj\desktop\cg fish catcher\visual studio files\fish catcher\fish catcher\main.cpp(662): warning C4305: 'argument' : truncation from 'double' to 'GLfloat'
     1>c:\users\manoj\desktop\cg fish catcher\visual studio files\fish catcher\fish catcher\main.cpp(662): warning C4305: 'argument' : truncation from 'double' to 'GLfloat'
     1>c:\users\manoj\desktop\cg fish catcher\visual studio files\fish catcher\fish catcher\main.cpp(663): warning C4305: 'argument' : truncation from 'double' to 'GLfloat'
     1>c:\users\manoj\desktop\cg fish catcher\visual studio files\fish catcher\fish catcher\main.cpp(663): warning C4305: 'argument' : truncation from 'double' to 'GLfloat'
     1>c:\users\manoj\desktop\cg fish catcher\visual studio files\fish catcher\fish catcher\main.cpp(664): warning C4305: 'argument' : truncation from 'double' to 'GLfloat'
     1>c:\users\manoj\desktop\cg fish catcher\visual studio files\fish catcher\fish catcher\main.cpp(664): warning C4305: 'argument' : truncation from 'double' to 'GLfloat'
     1>c:\users\manoj\desktop\cg fish catcher\visual studio files\fish catcher\fish catcher\main.cpp(665): warning C4305: 'argument' : truncation from 'double' to 'GLfloat'
     1>c:\users\manoj\desktop\cg fish catcher\visual studio files\fish catcher\fish catcher\main.cpp(665): warning C4305: 'argument' : truncation from 'double' to 'GLfloat'
     1>c:\users\manoj\desktop\cg fish catcher\visual studio files\fish catcher\fish catcher\main.cpp(666): warning C4305: 'argument' : truncation from 'double' to 'GLfloat'
     1>c:\users\manoj\desktop\cg fish catcher\visual studio files\fish catcher\fish catcher\main.cpp(666): warning C4305: 'argument' : truncation from 'double' to 'GLfloat'
     1>c:\users\manoj\desktop\cg fish catcher\visual studio files\fish catcher\fish catcher\main.cpp(667): warning C4305: 'argument' : truncation from 'double' to 'GLfloat'
     1>c:\users\manoj\desktop\cg fish catcher\visual studio files\fish catcher\fish catcher\main.cpp(667): warning C4305: 'argument' : truncation from 'double' to 'GLfloat'
     1>c:\users\manoj\desktop\cg fish catcher\visual studio files\fish catcher\fish catcher\main.cpp(668): warning C4305: 'argument' : truncation from 'double' to 'GLfloat'
     1>c:\users\manoj\desktop\cg fish catcher\visual studio files\fish catcher\fish catcher\main.cpp(668): warning C4305: 'argument' : truncation from 'double' to 'GLfloat'
     1>c:\users\manoj\desktop\cg fish catcher\visual studio files\fish catcher\fish catcher\main.cpp(669): warning C4305: 'argument' : truncation from 'double' to 'GLfloat'
     1>c:\users\manoj\desktop\cg fish catcher\visual studio files\fish catcher\fish catcher\main.cpp(669): warning C4305: 'argument' : truncation from 'double' to 'GLfloat'
     1>c:\users\manoj\desktop\cg fish catcher\visual studio files\fish catcher\fish catcher\main.cpp(670): warning C4305: 'argument' : truncation from 'double' to 'GLfloat'
     1>c:\users\manoj\desktop\cg fish catcher\visual studio files\fish catcher\fish catcher\main.cpp(671): warning C4305: 'argument' : truncation from 'double' to 'GLfloat'
     1>c:\users\manoj\desktop\cg fish catcher\visual studio files\fish catcher\fish catcher\main.cpp(672): warning C4305: 'argument' : truncation from 'double' to 'GLfloat'
     1>c:\users\manoj\desktop\cg fish catcher\visual studio files\fish catcher\fish catcher\main.cpp(672): warning C4305: 'argument' : truncation from 'double' to 'GLfloat'
     1>c:\users\manoj\desktop\cg fish catcher\visual studio files\fish catcher\fish catcher\main.cpp(673): warning C4305: 'argument' : truncation from 'double' to 'GLfloat'
     1>c:\users\manoj\desktop\cg fish catcher\visual studio files\fish catcher\fish catcher\main.cpp(673): warning C4305: 'argument' : truncation from 'double' to 'GLfloat'
     1>c:\users\manoj\desktop\cg fish catcher\visual studio files\fish catcher\fish catcher\main.cpp(674): warning C4305: 'argument' : truncation from 'double' to 'GLfloat'
     1>c:\users\manoj\desktop\cg fish catcher\visual studio files\fish catcher\fish catcher\main.cpp(674): warning C4305: 'argument' : truncation from 'double' to 'GLfloat'
     1>c:\users\manoj\desktop\cg fish catcher\visual studio files\fish catcher\fish catcher\main.cpp(675): warning C4305: 'argument' : truncation from 'double' to 'GLfloat'
     1>c:\users\manoj\desktop\cg fish catcher\visual studio files\fish catcher\fish catcher\main.cpp(675): warning C4305: 'argument' : truncation from 'double' to 'GLfloat'
     1>c:\users\manoj\desktop\cg fish catcher\visual studio files\fish catcher\fish catcher\main.cpp(676): warning C4305: 'argument' : truncation from 'double' to 'GLfloat'
     1>c:\users\manoj\desktop\cg fish catcher\visual studio files\fish catcher\fish catcher\main.cpp(676): warning C4305: 'argument' : truncation from 'double' to 'GLfloat'
     1>c:\users\manoj\desktop\cg fish catcher\visual studio files\fish catcher\fish catcher\main.cpp(677): warning C4305: 'argument' : truncation from 'double' to 'GLfloat'
     1>c:\users\manoj\desktop\cg fish catcher\visual studio files\fish catcher\fish catcher\main.cpp(677): warning C4305: 'argument' : truncation from 'double' to 'GLfloat'
     1>c:\users\manoj\desktop\cg fish catcher\visual studio files\fish catcher\fish catcher\main.cpp(678): warning C4305: 'argument' : truncation from 'double' to 'GLfloat'
     1>c:\users\manoj\desktop\cg fish catcher\visual studio files\fish catcher\fish catcher\main.cpp(679): warning C4305: 'argument' : truncation from 'double' to 'GLfloat'
     1>c:\users\manoj\desktop\cg fish catcher\visual studio files\fish catcher\fish catcher\main.cpp(680): warning C4305: 'argument' : truncation from 'double' to 'GLfloat'
     1>c:\users\manoj\desktop\cg fish catcher\visual studio files\fish catcher\fish catcher\main.cpp(681): warning C4305: 'argument' : truncation from 'double' to 'GLfloat'
     1>c:\users\manoj\desktop\cg fish catcher\visual studio files\fish catcher\fish catcher\main.cpp(681): warning C4305: 'argument' : truncation from 'double' to 'GLfloat'
     1>c:\users\manoj\desktop\cg fish catcher\visual studio files\fish catcher\fish catcher\main.cpp(682): warning C4305: 'argument' : truncation from 'double' to 'GLfloat'
     1>c:\users\manoj\desktop\cg fish catcher\visual studio files\fish catcher\fish catcher\main.cpp(683): warning C4305: 'argument' : truncation from 'double' to 'GLfloat'
     1>c:\users\manoj\desktop\cg fish catcher\visual studio files\fish catcher\fish catcher\main.cpp(683): warning C4305: 'argument' : truncation from 'double' to 'GLfloat'
     1>c:\users\manoj\desktop\cg fish catcher\visual studio files\fish catcher\fish catcher\main.cpp(684): warning C4305: 'argument' : truncation from 'double' to 'GLfloat'
     1>c:\users\manoj\desktop\cg fish catcher\visual studio files\fish catcher\fish catcher\main.cpp(685): warning C4305: 'argument' : truncation from 'double' to 'GLfloat'
     1>c:\users\manoj\desktop\cg fish catcher\visual studio files\fish catcher\fish catcher\main.cpp(685): warning C4305: 'argument' : truncation from 'double' to 'GLfloat'
     1>c:\users\manoj\desktop\cg fish catcher\visual studio files\fish catcher\fish catcher\main.cpp(686): warning C4305: 'argument' : truncation from 'double' to 'GLfloat'
     1>c:\users\manoj\desktop\cg fish catcher\visual studio files\fish catcher\fish catcher\main.cpp(688): warning C4305: 'argument' : truncation from 'double' to 'GLfloat'
     1>c:\users\manoj\desktop\cg fish catcher\visual studio files\fish catcher\fish catcher\main.cpp(689): warning C4305: 'argument' : truncation from 'double' to 'GLfloat'
     1>c:\users\manoj\desktop\cg fish catcher\visual studio files\fish catcher\fish catcher\main.cpp(699): warning C4305: '-=' : truncation from 'double' to 'float'
     1>c:\users\manoj\desktop\cg fish catcher\visual studio files\fish catcher\fish catcher\main.cpp(706): warning C4305: '+=' : truncation from 'double' to 'float'
     1>c:\users\manoj\desktop\cg fish catcher\visual studio files\fish catcher\fish catcher\main.cpp(724): warning C4305: '+=' : truncation from 'double' to 'float'
     1>c:\users\manoj\desktop\cg fish catcher\visual studio files\fish catcher\fish catcher\main.cpp(730): warning C4305: '-=' : truncation from 'double' to 'float'
     1>c:\users\manoj\desktop\cg fish catcher\visual studio files\fish catcher\fish catcher\main.cpp(736): warning C4305: '-=' : truncation from 'double' to 'float'
     1>c:\users\manoj\desktop\cg fish catcher\visual studio files\fish catcher\fish catcher\main.cpp(745): warning C4305: '+=' : truncation from 'double' to 'float'
     1>c:\users\manoj\desktop\cg fish catcher\visual studio files\fish catcher\fish catcher\main.cpp(826): warning C4244: 'argument' : conversion from 'double' to 'int', possible loss of data
     1>c:\users\manoj\desktop\cg fish catcher\visual studio files\fish catcher\fish catcher\main.cpp(826): warning C4244: 'argument' : conversion from 'double' to 'int', possible loss of data
     1>c:\users\manoj\desktop\cg fish catcher\visual studio files\fish catcher\fish catcher\main.cpp(848): warning C4244: '=' : conversion from 'double' to 'float', possible loss of data
     1>c:\users\manoj\desktop\cg fish catcher\visual studio files\fish catcher\fish catcher\main.cpp(853): warning C4244: '=' : conversion from 'double' to 'float', possible loss of data
     1>c:\users\manoj\desktop\cg fish catcher\visual studio files\fish catcher\fish catcher\main.cpp(858): warning C4244: '=' : conversion from 'double' to 'float', possible loss of data
     1>c:\users\manoj\desktop\cg fish catcher\visual studio files\fish catcher\fish catcher\main.cpp(863): warning C4244: '=' : conversion from 'double' to 'float', possible loss of data
     1>c:\users\manoj\desktop\cg fish catcher\visual studio files\fish catcher\fish catcher\main.cpp(868): warning C4244: '=' : conversion from 'double' to 'float', possible loss of data
     1>c:\users\manoj\desktop\cg fish catcher\visual studio files\fish catcher\fish catcher\main.cpp(873): warning C4244: '=' : conversion from 'double' to 'float', possible loss of data
     1>c:\users\manoj\desktop\cg fish catcher\visual studio files\fish catcher\fish catcher\main.cpp(878): warning C4244: '=' : conversion from 'double' to 'float', possible loss of data
       Link:
         C:\Program Files (x86)\Microsoft Visual Studio 10.0\VC\bin\link.exe /ERRORREPORT:PROMPT /OUT:"C:\Users\Manoj\Desktop\CG Fish Catcher\Visual Studio files\Fish Catcher\Debug\Fish Catcher.exe" /NOLOGO /LIBPATH:"C:\Users\manoj\Glut library\freeglut\lib" /LIBPATH:"C:\Users\manoj\Glut library\glew-1.11.0\lib" freeglut.lib glew32.lib kernel32.lib user32.lib gdi32.lib winspool.lib comdlg32.lib advapi32.lib shell32.lib ole32.lib oleaut32.lib uuid.lib odbc32.lib odbccp32.lib /MANIFEST /ManifestFile:"Debug\Fish Catcher.exe.intermediate.manifest" /MANIFESTUAC:"level='asInvoker' uiAccess='false'" /DEBUG /PDB:"C:\Users\Manoj\Desktop\CG Fish Catcher\Visual Studio files\Fish Catcher\Debug\Fish Catcher.pdb" /TLBID:1 /DYNAMICBASE /NXCOMPAT /IMPLIB:"C:\Users\Manoj\Desktop\CG Fish Catcher\Visual Studio files\Fish Catcher\Debug\Fish Catcher.lib" /MACHINE:X86 Debug\main.obj
         LINK : C:\Users\Manoj\Desktop\CG Fish Catcher\Visual Studio files\Fish Catcher\Debug\Fish Catcher.exe not found or not built by the last incremental link; performing full link
         Fish Catcher.vcxproj -> C:\Users\Manoj\Desktop\CG Fish Catcher\Visual Studio files\Fish Catcher\Debug\Fish Catcher.exe
       Manifest:
         C:\Program Files (x86)\Microsoft SDKs\Windows\v7.0A\bin\mt.exe /nologo /verbose /outputresource:"C:\Users\Manoj\Desktop\CG Fish Catcher\Visual Studio files\Fish Catcher\Debug\Fish Catcher.exe;#1" /manifest "Debug\Fish Catcher.exe.intermediate.manifest"
       FinalizeBuildStatus:
         Deleting file "Debug\Fish Catcher.unsuccessfulbuild".
         Touching "Debug\Fish Catcher.lastbuildstate".
     1>Done Building Project "C:\Users\Manoj\Desktop\CG Fish Catcher\Visual Studio files\Fish Catcher\Fish Catcher\Fish Catcher.vcxproj" (build target(s)).

Build succeeded.

Time Elapsed 00:00:01.72
